2017-06-07 14:37:34,185 [main] DEBUG org.jboss.logging - Logging Provider: org.jboss.logging.Slf4jLoggerProvider 
2017-06-07 14:37:36,833 [main] INFO  guestbook.env - 
-=[guestbook started successfully using the development profile]=- 
2017-06-07 14:37:37,336 [main] INFO  luminus.http-server - starting HTTP server on port 3000 
2017-06-07 14:37:37,587 [main] INFO  org.xnio - XNIO version 3.3.6.Final 
2017-06-07 14:37:38,308 [main] INFO  org.projectodd.wunderboss.web.Web - Registered web context / 
2017-06-07 14:37:38,312 [main] INFO  luminus.repl-server - starting nREPL server on port 7000 
2017-06-07 14:37:38,356 [main] INFO  guestbook.core - #'guestbook.config/env started 
2017-06-07 14:37:38,357 [main] INFO  guestbook.core - #'guestbook.db.core/*db* started 
2017-06-07 14:37:38,358 [main] INFO  guestbook.core - #'guestbook.handler/init-app started 
2017-06-07 14:37:38,358 [main] INFO  guestbook.core - #'guestbook.core/http-server started 
2017-06-07 14:37:38,359 [main] INFO  guestbook.core - #'guestbook.core/repl-server started 
2017-06-07 14:56:07,854 [main] DEBUG org.jboss.logging - Logging Provider: org.jboss.logging.Slf4jLoggerProvider 
2017-06-07 15:02:40,691 [main] DEBUG org.jboss.logging - Logging Provider: org.jboss.logging.Slf4jLoggerProvider 
2017-06-07 15:08:42,829 [main] DEBUG org.jboss.logging - Logging Provider: org.jboss.logging.Slf4jLoggerProvider 
2017-06-07 15:10:24,543 [main] DEBUG org.jboss.logging - Logging Provider: org.jboss.logging.Slf4jLoggerProvider 
2017-06-07 15:13:09,135 [main] DEBUG org.jboss.logging - Logging Provider: org.jboss.logging.Slf4jLoggerProvider 
2017-06-07 15:13:11,442 [main] INFO  guestbook.env - 
-=[guestbook started successfully using the development profile]=- 
2017-06-07 15:13:11,767 [main] INFO  luminus.http-server - starting HTTP server on port 3000 
2017-06-07 15:13:11,950 [main] INFO  org.xnio - XNIO version 3.3.6.Final 
2017-06-07 15:13:12,244 [main] INFO  org.projectodd.wunderboss.web.Web - Registered web context / 
2017-06-07 15:13:12,247 [main] INFO  luminus.repl-server - starting nREPL server on port 7000 
2017-06-07 15:13:12,292 [main] INFO  guestbook.core - #'guestbook.config/env started 
2017-06-07 15:13:12,293 [main] INFO  guestbook.core - #'guestbook.db.core/*db* started 
2017-06-07 15:13:12,293 [main] INFO  guestbook.core - #'guestbook.handler/init-app started 
2017-06-07 15:13:12,293 [main] INFO  guestbook.core - #'guestbook.core/http-server started 
2017-06-07 15:13:12,294 [main] INFO  guestbook.core - #'guestbook.core/repl-server started 
2017-06-07 15:20:45,410 [main] DEBUG org.jboss.logging - Logging Provider: org.jboss.logging.Slf4jLoggerProvider 
2017-06-07 15:25:25,365 [main] DEBUG org.jboss.logging - Logging Provider: org.jboss.logging.Slf4jLoggerProvider 
2017-06-07 15:27:26,590 [main] DEBUG org.jboss.logging - Logging Provider: org.jboss.logging.Slf4jLoggerProvider 
2017-06-07 15:27:28,954 [main] INFO  guestbook.env - 
-=[guestbook started successfully using the development profile]=- 
2017-06-07 15:27:29,279 [main] INFO  luminus.http-server - starting HTTP server on port 3000 
2017-06-07 15:27:29,473 [main] INFO  org.xnio - XNIO version 3.3.6.Final 
2017-06-07 15:27:29,799 [main] INFO  org.projectodd.wunderboss.web.Web - Registered web context / 
2017-06-07 15:27:29,803 [main] INFO  luminus.repl-server - starting nREPL server on port 7000 
2017-06-07 15:27:29,850 [main] INFO  guestbook.core - #'guestbook.config/env started 
2017-06-07 15:27:29,851 [main] INFO  guestbook.core - #'guestbook.db.core/*db* started 
2017-06-07 15:27:29,852 [main] INFO  guestbook.core - #'guestbook.handler/init-app started 
2017-06-07 15:27:29,853 [main] INFO  guestbook.core - #'guestbook.core/http-server started 
2017-06-07 15:27:29,853 [main] INFO  guestbook.core - #'guestbook.core/repl-server started 
2017-06-07 15:30:54,085 [main] DEBUG org.jboss.logging - Logging Provider: org.jboss.logging.Slf4jLoggerProvider 
2017-06-07 15:32:05,251 [main] DEBUG org.jboss.logging - Logging Provider: org.jboss.logging.Slf4jLoggerProvider 
2017-06-07 15:32:07,723 [main] INFO  guestbook.env - 
-=[guestbook started successfully using the development profile]=- 
2017-06-07 15:32:08,097 [main] INFO  luminus.http-server - starting HTTP server on port 3000 
2017-06-07 15:32:08,285 [main] INFO  org.xnio - XNIO version 3.3.6.Final 
2017-06-07 15:32:08,665 [main] INFO  org.projectodd.wunderboss.web.Web - Registered web context / 
2017-06-07 15:32:08,670 [main] INFO  luminus.repl-server - starting nREPL server on port 7000 
2017-06-07 15:32:08,725 [main] INFO  guestbook.core - #'guestbook.config/env started 
2017-06-07 15:32:08,725 [main] INFO  guestbook.core - #'guestbook.db.core/*db* started 
2017-06-07 15:32:08,726 [main] INFO  guestbook.core - #'guestbook.handler/init-app started 
2017-06-07 15:32:08,726 [main] INFO  guestbook.core - #'guestbook.core/http-server started 
2017-06-07 15:32:08,726 [main] INFO  guestbook.core - #'guestbook.core/repl-server started 
2017-06-07 15:38:58,240 [main] DEBUG org.jboss.logging - Logging Provider: org.jboss.logging.Slf4jLoggerProvider 
2017-06-07 15:39:00,858 [main] INFO  migratus.core - Starting migrations 
2017-06-07 15:39:00,919 [main] INFO  migratus.database - creating migration table 'schema_migrations' 
2017-06-07 15:39:00,986 [main] DEBUG migratus.migrations - Looking for migrations in in  #object[java.io.File 0x5f8990af /home/wsecond/Ionut/clojure/guestbook/resources/migrations] 
2017-06-07 15:39:01,115 [main] INFO  migratus.core - Running up for [20170606150722] 
2017-06-07 15:39:01,130 [main] INFO  migratus.core - Up 20170606150722-add-users-table 
2017-06-07 15:39:01,201 [main] DEBUG migratus.migration.sql - found 1 up migrations 
2017-06-07 15:39:01,250 [main] DEBUG migratus.database - marking 20170606150722 complete 
2017-06-07 15:39:01,285 [main] INFO  migratus.core - Ending migrations 
2017-06-07 15:45:58,280 [main] DEBUG org.jboss.logging - Logging Provider: org.jboss.logging.Slf4jLoggerProvider 
2017-06-07 15:47:48,837 [main] DEBUG org.jboss.logging - Logging Provider: org.jboss.logging.Slf4jLoggerProvider 
2017-06-07 15:47:51,098 [main] INFO  guestbook.env - 
-=[guestbook started successfully using the development profile]=- 
2017-06-07 15:47:51,415 [main] INFO  luminus.http-server - starting HTTP server on port 3000 
2017-06-07 15:47:51,604 [main] INFO  org.xnio - XNIO version 3.3.6.Final 
2017-06-07 15:47:51,904 [main] INFO  org.projectodd.wunderboss.web.Web - Registered web context / 
2017-06-07 15:47:51,907 [main] INFO  luminus.repl-server - starting nREPL server on port 7000 
2017-06-07 15:47:51,947 [main] INFO  guestbook.core - #'guestbook.config/env started 
2017-06-07 15:47:51,948 [main] INFO  guestbook.core - #'guestbook.db.core/*db* started 
2017-06-07 15:47:51,949 [main] INFO  guestbook.core - #'guestbook.handler/init-app started 
2017-06-07 15:47:51,949 [main] INFO  guestbook.core - #'guestbook.core/http-server started 
2017-06-07 15:47:51,950 [main] INFO  guestbook.core - #'guestbook.core/repl-server started 
2017-06-07 15:59:35,566 [XNIO-1 task-17] INFO  guestbook.env - 
-=[guestbook has shut down successfully]=- 
2017-06-07 15:59:35,570 [XNIO-1 task-17] INFO  guestbook.env - 
-=[guestbook started successfully using the development profile]=- 
2017-06-07 16:07:31,818 [XNIO-1 task-21] INFO  guestbook.env - 
-=[guestbook has shut down successfully]=- 
2017-06-07 16:07:31,820 [XNIO-1 task-21] INFO  guestbook.env - 
-=[guestbook started successfully using the development profile]=- 
2017-06-07 16:07:32,021 [XNIO-1 task-21] INFO  guestbook.env - 
-=[guestbook has shut down successfully]=- 
2017-06-07 16:07:32,022 [XNIO-1 task-21] INFO  guestbook.env - 
-=[guestbook started successfully using the development profile]=- 
2017-06-07 16:09:40,261 [main] DEBUG org.jboss.logging - Logging Provider: org.jboss.logging.Slf4jLoggerProvider 
2017-06-07 16:19:02,472 [main] DEBUG org.jboss.logging - Logging Provider: org.jboss.logging.Slf4jLoggerProvider 
2017-06-07 16:19:04,954 [main] INFO  guestbook.env - 
-=[guestbook started successfully using the development profile]=- 
2017-06-07 16:19:05,283 [main] INFO  luminus.http-server - starting HTTP server on port 3000 
2017-06-07 16:19:05,553 [main] INFO  org.xnio - XNIO version 3.3.6.Final 
2017-06-07 16:19:05,945 [main] INFO  org.projectodd.wunderboss.web.Web - Registered web context / 
2017-06-07 16:19:05,948 [main] INFO  luminus.repl-server - starting nREPL server on port 7000 
2017-06-07 16:19:06,002 [main] INFO  guestbook.core - #'guestbook.config/env started 
2017-06-07 16:19:06,003 [main] INFO  guestbook.core - #'guestbook.db.core/*db* started 
2017-06-07 16:19:06,004 [main] INFO  guestbook.core - #'guestbook.handler/init-app started 
2017-06-07 16:19:06,005 [main] INFO  guestbook.core - #'guestbook.core/http-server started 
2017-06-07 16:19:06,009 [main] INFO  guestbook.core - #'guestbook.core/repl-server started 
2017-06-07 16:20:58,044 [XNIO-1 task-9] INFO  guestbook.env - 
-=[guestbook has shut down successfully]=- 
2017-06-07 16:20:58,052 [XNIO-1 task-9] INFO  guestbook.env - 
-=[guestbook started successfully using the development profile]=- 
2017-06-07 16:30:14,626 [Thread-4] INFO  guestbook.env - 
-=[guestbook has shut down successfully]=- 
2017-06-07 16:30:14,647 [Thread-4] INFO  guestbook.core - #'guestbook.handler/init-app stopped 
2017-06-07 16:30:14,648 [Thread-4] INFO  guestbook.core - #'guestbook.db.core/*db* stopped 
