2017-07-12 11:03:32,698 [MLog-Init-Reporter] INFO  com.mchange.v2.log.MLog - MLog clients using slf4j logging. 
2017-07-12 11:03:32,813 [main] DEBUG com.mchange.v2.cfg.MConfig - The configuration file for resource identifier '/mchange-commons.properties' could not be found. Skipping. 
2017-07-12 11:03:32,929 [main] DEBUG com.mchange.v2.cfg.MConfig - The configuration file for resource identifier '/mchange-log.properties' could not be found. Skipping. 
2017-07-12 11:03:32,930 [main] DEBUG com.mchange.v2.cfg.MConfig - The configuration file for resource identifier 'hocon:/reference,/application,/c3p0,/' could not be found. Skipping. 
2017-07-12 11:03:32,930 [main] DEBUG com.mchange.v2.cfg.MConfig - The configuration file for resource identifier '/c3p0.properties' could not be found. Skipping. 
2017-07-12 11:03:32,935 [MLog-Init-Reporter] DEBUG com.mchange.v2.log.MLog - Reading VM config for path list /com/mchange/v2/log/default-mchange-log.properties, /mchange-commons.properties, /c3p0.properties, hocon:/reference,/application,/c3p0,/, /mchange-log.properties, / 
2017-07-12 11:03:32,936 [MLog-Init-Reporter] DEBUG com.mchange.v2.log.MLog - The configuration file for resource identifier '/mchange-commons.properties' could not be found. Skipping. 
2017-07-12 11:03:32,936 [MLog-Init-Reporter] DEBUG com.mchange.v2.log.MLog - The configuration file for resource identifier '/c3p0.properties' could not be found. Skipping. 
2017-07-12 11:03:32,937 [MLog-Init-Reporter] DEBUG com.mchange.v2.log.MLog - The configuration file for resource identifier 'hocon:/reference,/application,/c3p0,/' could not be found. Skipping. 
2017-07-12 11:03:32,938 [MLog-Init-Reporter] DEBUG com.mchange.v2.log.MLog - The configuration file for resource identifier '/mchange-log.properties' could not be found. Skipping. 
2017-07-12 11:03:33,327 [main] INFO  com.mchange.v2.c3p0.C3P0Registry - Initializing c3p0-0.9.5.2 [built 08-December-2015 22:06:04 -0800; debug? true; trace: 10] 
2017-07-12 11:03:33,411 [main] DEBUG c.m.v.c.m.DynamicPooledDataSourceManagerMBean - MBean: com.mchange.v2.c3p0:type=PooledDataSource,identityToken=1hge13m9pexmzv01rmir9q|8dd572e,name=1hge13m9pexmzv01rmir9q|8dd572e registered. 
2017-07-12 11:03:33,538 [main] DEBUG c.m.v.c.m.DynamicPooledDataSourceManagerMBean - MBean: com.mchange.v2.c3p0:type=PooledDataSource,identityToken=1hge13m9pexmzv01rmir9q|8dd572e,name=1hge13m9pexmzv01rmir9q|8dd572e unregistered, in order to be reregistered after update. 
2017-07-12 11:03:33,539 [main] DEBUG c.m.v.c.m.DynamicPooledDataSourceManagerMBean - MBean: com.mchange.v2.c3p0:type=PooledDataSource,identityToken=1hge13m9pexmzv01rmir9q|8dd572e,name=1hge13m9pexmzv01rmir9q|8dd572e registered. 
2017-07-12 11:03:33,649 [main] INFO  c.m.v.c.i.AbstractPoolBackedDataSource - Initializing c3p0 pool... com.mchange.v2.c3p0.ComboPooledDataSource [ acquireIncrement -> 3, acquireRetryAttempts -> 30, acquireRetryDelay -> 1000, autoCommitOnClose -> false, automaticTestTable -> null, breakAfterAcquireFailure -> false, checkoutTimeout -> 0, connectionCustomizerClassName -> null, connectionTesterClassName -> com.mchange.v2.c3p0.impl.DefaultConnectionTester, contextClassLoaderSource -> caller, dataSourceName -> 1hge13m9pexmzv01rmir9q|8dd572e, debugUnreturnedConnectionStackTraces -> false, description -> null, driverClass -> com.mysql.jdbc.Driver, extensions -> {}, factoryClassLocation -> null, forceIgnoreUnresolvedTransactions -> false, forceSynchronousCheckins -> false, forceUseNamedDriverClass -> false, identityToken -> 1hge13m9pexmzv01rmir9q|8dd572e, idleConnectionTestPeriod -> 0, initialPoolSize -> 3, jdbcUrl -> jdbc:mysql://172.17.0.2:3306/ionut, maxAdministrativeTaskTime -> 0, maxConnectionAge -> 0, maxIdleTime -> 10800, maxIdleTimeExcessConnections -> 1800, maxPoolSize -> 15, maxStatements -> 0, maxStatementsPerConnection -> 0, minPoolSize -> 3, numHelperThreads -> 3, preferredTestQuery -> null, privilegeSpawnedThreads -> false, properties -> {user=******, password=******}, propertyCycle -> 0, statementCacheNumDeferredCloseThreads -> 0, testConnectionOnCheckin -> false, testConnectionOnCheckout -> false, unreturnedConnectionTimeout -> 0, userOverrides -> {}, usesTraditionalReflectiveProxies -> false ] 
2017-07-12 11:03:33,697 [main] DEBUG com.mchange.v2.cfg.MConfig - The configuration file for resource identifier '/mchange-commons.properties' could not be found. Skipping. 
2017-07-12 11:03:33,698 [main] DEBUG com.mchange.v2.cfg.MConfig - The configuration file for resource identifier '/mchange-log.properties' could not be found. Skipping. 
2017-07-12 11:03:33,698 [main] DEBUG com.mchange.v2.cfg.MConfig - The configuration file for resource identifier '/c3p0.properties' could not be found. Skipping. 
2017-07-12 11:03:33,698 [main] DEBUG com.mchange.v2.cfg.MConfig - The configuration file for resource identifier 'hocon:/reference,/application,/c3p0,/' could not be found. Skipping. 
2017-07-12 11:03:33,708 [main] DEBUG c.m.v.resourcepool.BasicResourcePool - com.mchange.v2.resourcepool.BasicResourcePool@596707f5 config: [start -> 3; min -> 3; max -> 15; inc -> 3; num_acq_attempts -> 30; acq_attempt_delay -> 1000; check_idle_resources_delay -> 0; max_resource_age -> 0; max_idle_time -> 10800000; excess_max_idle_time -> 1800000; destroy_unreturned_resc_time -> 0; expiration_enforcement_delay -> 450000; break_on_acquisition_failure -> false; debug_store_checkout_exceptions -> false; force_synchronous_checkins -> false] 
2017-07-12 11:03:33,709 [main] DEBUG c.m.v.c.i.C3P0PooledConnectionPoolManager - Created new pool for auth, username (masked): 'ro******'. 
2017-07-12 11:03:33,710 [main] DEBUG c.m.v.resourcepool.BasicResourcePool - acquire test -- pool size: 0; target_pool_size: 3; desired target? 1 
2017-07-12 11:03:33,711 [main] DEBUG c.m.v.resourcepool.BasicResourcePool - awaitAvailable(): [unknown] 
2017-07-12 11:03:50,212 [main] DEBUG org.jboss.logging - Logging Provider: org.jboss.logging.Slf4jLoggerProvider 
2017-07-12 11:03:53,751 [main] INFO  guestbook.env - 
-=[guestbook started successfully using the development profile]=- 
2017-07-12 11:03:54,413 [main] INFO  luminus.http-server - starting HTTP server on port 3000 
2017-07-12 11:03:54,716 [main] INFO  org.xnio - XNIO version 3.3.6.Final 
2017-07-12 11:03:55,183 [main] INFO  org.projectodd.wunderboss.web.Web - Registered web context / 
2017-07-12 11:03:55,187 [main] INFO  luminus.repl-server - starting nREPL server on port 7000 
2017-07-12 11:03:55,240 [main] INFO  guestbook.core - #'guestbook.config/env started 
2017-07-12 11:03:55,241 [main] INFO  guestbook.core - #'guestbook.handler/init-app started 
2017-07-12 11:03:55,241 [main] INFO  guestbook.core - #'guestbook.core/http-server started 
2017-07-12 11:03:55,242 [main] INFO  guestbook.core - #'guestbook.core/repl-server started 
2017-07-12 11:30:19,378 [Thread-6] INFO  luminus.repl-server - nREPL server stopped 
2017-07-12 11:30:19,384 [Thread-6] DEBUG org.projectodd.wunderboss.WunderBoss - Returning existing component for org.projectodd.wunderboss.web.Web:-1645144552, ignoring options. 
2017-07-12 11:30:19,415 [Thread-6] INFO  luminus.http-server - HTTP server stopped 
2017-07-12 11:30:19,417 [Thread-6] INFO  guestbook.env - 
-=[guestbook has shut down successfully]=- 
2017-07-12 11:30:19,420 [Thread-6] INFO  guestbook.core - #'guestbook.core/repl-server stopped 
2017-07-12 11:30:19,421 [Thread-6] INFO  guestbook.core - #'guestbook.core/http-server stopped 
2017-07-12 11:30:19,422 [Thread-6] INFO  guestbook.core - #'guestbook.handler/init-app stopped 
2017-07-12 11:31:22,755 [MLog-Init-Reporter] INFO  com.mchange.v2.log.MLog - MLog clients using slf4j logging. 
2017-07-12 11:31:22,833 [MLog-Init-Reporter] DEBUG com.mchange.v2.log.MLog - Reading VM config for path list /com/mchange/v2/log/default-mchange-log.properties, /mchange-commons.properties, /c3p0.properties, hocon:/reference,/application,/c3p0,/, /mchange-log.properties, / 
2017-07-12 11:31:22,834 [MLog-Init-Reporter] DEBUG com.mchange.v2.log.MLog - The configuration file for resource identifier '/mchange-commons.properties' could not be found. Skipping. 
2017-07-12 11:31:22,835 [MLog-Init-Reporter] DEBUG com.mchange.v2.log.MLog - The configuration file for resource identifier '/c3p0.properties' could not be found. Skipping. 
2017-07-12 11:31:22,836 [MLog-Init-Reporter] DEBUG com.mchange.v2.log.MLog - The configuration file for resource identifier 'hocon:/reference,/application,/c3p0,/' could not be found. Skipping. 
2017-07-12 11:31:22,837 [MLog-Init-Reporter] DEBUG com.mchange.v2.log.MLog - The configuration file for resource identifier '/mchange-log.properties' could not be found. Skipping. 
2017-07-12 11:31:22,878 [main] DEBUG com.mchange.v2.cfg.MConfig - The configuration file for resource identifier '/mchange-commons.properties' could not be found. Skipping. 
2017-07-12 11:31:22,886 [main] DEBUG com.mchange.v2.cfg.MConfig - The configuration file for resource identifier '/mchange-log.properties' could not be found. Skipping. 
2017-07-12 11:31:22,887 [main] DEBUG com.mchange.v2.cfg.MConfig - The configuration file for resource identifier 'hocon:/reference,/application,/c3p0,/' could not be found. Skipping. 
2017-07-12 11:31:22,887 [main] DEBUG com.mchange.v2.cfg.MConfig - The configuration file for resource identifier '/c3p0.properties' could not be found. Skipping. 
2017-07-12 11:31:23,169 [main] INFO  com.mchange.v2.c3p0.C3P0Registry - Initializing c3p0-0.9.5.2 [built 08-December-2015 22:06:04 -0800; debug? true; trace: 10] 
2017-07-12 11:31:23,263 [main] DEBUG c.m.v.c.m.DynamicPooledDataSourceManagerMBean - MBean: com.mchange.v2.c3p0:type=PooledDataSource,identityToken=1hge13m9peymseyfvyf8c|553fdf58,name=1hge13m9peymseyfvyf8c|553fdf58 registered. 
2017-07-12 11:31:23,366 [main] DEBUG c.m.v.c.m.DynamicPooledDataSourceManagerMBean - MBean: com.mchange.v2.c3p0:type=PooledDataSource,identityToken=1hge13m9peymseyfvyf8c|553fdf58,name=1hge13m9peymseyfvyf8c|553fdf58 unregistered, in order to be reregistered after update. 
2017-07-12 11:31:23,367 [main] DEBUG c.m.v.c.m.DynamicPooledDataSourceManagerMBean - MBean: com.mchange.v2.c3p0:type=PooledDataSource,identityToken=1hge13m9peymseyfvyf8c|553fdf58,name=1hge13m9peymseyfvyf8c|553fdf58 registered. 
2017-07-12 11:31:23,511 [main] INFO  c.m.v.c.i.AbstractPoolBackedDataSource - Initializing c3p0 pool... com.mchange.v2.c3p0.ComboPooledDataSource [ acquireIncrement -> 3, acquireRetryAttempts -> 30, acquireRetryDelay -> 1000, autoCommitOnClose -> false, automaticTestTable -> null, breakAfterAcquireFailure -> false, checkoutTimeout -> 0, connectionCustomizerClassName -> null, connectionTesterClassName -> com.mchange.v2.c3p0.impl.DefaultConnectionTester, contextClassLoaderSource -> caller, dataSourceName -> 1hge13m9peymseyfvyf8c|553fdf58, debugUnreturnedConnectionStackTraces -> false, description -> null, driverClass -> com.mysql.jdbc.Driver, extensions -> {}, factoryClassLocation -> null, forceIgnoreUnresolvedTransactions -> false, forceSynchronousCheckins -> false, forceUseNamedDriverClass -> false, identityToken -> 1hge13m9peymseyfvyf8c|553fdf58, idleConnectionTestPeriod -> 0, initialPoolSize -> 3, jdbcUrl -> jdbc:mysql://172.17.0.2:3306/ionut, maxAdministrativeTaskTime -> 0, maxConnectionAge -> 0, maxIdleTime -> 10800, maxIdleTimeExcessConnections -> 1800, maxPoolSize -> 15, maxStatements -> 0, maxStatementsPerConnection -> 0, minPoolSize -> 3, numHelperThreads -> 3, preferredTestQuery -> null, privilegeSpawnedThreads -> false, properties -> {user=******, password=******}, propertyCycle -> 0, statementCacheNumDeferredCloseThreads -> 0, testConnectionOnCheckin -> false, testConnectionOnCheckout -> false, unreturnedConnectionTimeout -> 0, userOverrides -> {}, usesTraditionalReflectiveProxies -> false ] 
2017-07-12 11:31:23,570 [main] DEBUG com.mchange.v2.cfg.MConfig - The configuration file for resource identifier '/mchange-commons.properties' could not be found. Skipping. 
2017-07-12 11:31:23,572 [main] DEBUG com.mchange.v2.cfg.MConfig - The configuration file for resource identifier '/mchange-log.properties' could not be found. Skipping. 
2017-07-12 11:31:23,591 [main] DEBUG com.mchange.v2.cfg.MConfig - The configuration file for resource identifier '/c3p0.properties' could not be found. Skipping. 
2017-07-12 11:31:23,593 [main] DEBUG com.mchange.v2.cfg.MConfig - The configuration file for resource identifier 'hocon:/reference,/application,/c3p0,/' could not be found. Skipping. 
2017-07-12 11:31:23,617 [main] DEBUG c.m.v.resourcepool.BasicResourcePool - com.mchange.v2.resourcepool.BasicResourcePool@f5dd2de config: [start -> 3; min -> 3; max -> 15; inc -> 3; num_acq_attempts -> 30; acq_attempt_delay -> 1000; check_idle_resources_delay -> 0; max_resource_age -> 0; max_idle_time -> 10800000; excess_max_idle_time -> 1800000; destroy_unreturned_resc_time -> 0; expiration_enforcement_delay -> 450000; break_on_acquisition_failure -> false; debug_store_checkout_exceptions -> false; force_synchronous_checkins -> false] 
2017-07-12 11:31:23,618 [main] DEBUG c.m.v.c.i.C3P0PooledConnectionPoolManager - Created new pool for auth, username (masked): 'ro******'. 
2017-07-12 11:31:23,620 [main] DEBUG c.m.v.resourcepool.BasicResourcePool - acquire test -- pool size: 0; target_pool_size: 3; desired target? 1 
2017-07-12 11:31:23,631 [main] DEBUG c.m.v.resourcepool.BasicResourcePool - awaitAvailable(): [unknown] 
2017-07-12 11:31:42,062 [main] DEBUG org.jboss.logging - Logging Provider: org.jboss.logging.Slf4jLoggerProvider 
2017-07-12 11:31:45,699 [main] INFO  guestbook.env - 
-=[guestbook started successfully using the development profile]=- 
2017-07-12 11:31:46,201 [main] INFO  luminus.http-server - starting HTTP server on port 3000 
2017-07-12 11:31:46,359 [main] INFO  org.xnio - XNIO version 3.3.6.Final 
2017-07-12 11:31:46,650 [main] INFO  org.projectodd.wunderboss.web.Web - Registered web context / 
2017-07-12 11:31:46,655 [main] INFO  luminus.repl-server - starting nREPL server on port 7000 
2017-07-12 11:31:46,707 [main] INFO  guestbook.core - #'guestbook.config/env started 
2017-07-12 11:31:46,712 [main] INFO  guestbook.core - #'guestbook.handler/init-app started 
2017-07-12 11:31:46,714 [main] INFO  guestbook.core - #'guestbook.core/http-server started 
2017-07-12 11:31:46,714 [main] INFO  guestbook.core - #'guestbook.core/repl-server started 
2017-07-12 11:33:11,979 [Thread-6] INFO  luminus.repl-server - nREPL server stopped 
2017-07-12 11:33:11,983 [Thread-6] DEBUG org.projectodd.wunderboss.WunderBoss - Returning existing component for org.projectodd.wunderboss.web.Web:-1645144552, ignoring options. 
2017-07-12 11:33:12,013 [Thread-6] INFO  luminus.http-server - HTTP server stopped 
2017-07-12 11:33:12,015 [Thread-6] INFO  guestbook.env - 
-=[guestbook has shut down successfully]=- 
2017-07-12 11:33:12,018 [Thread-6] INFO  guestbook.core - #'guestbook.core/repl-server stopped 
2017-07-12 11:33:12,019 [Thread-6] INFO  guestbook.core - #'guestbook.core/http-server stopped 
2017-07-12 11:33:12,022 [Thread-6] INFO  guestbook.core - #'guestbook.handler/init-app stopped 
2017-07-12 11:34:16,392 [MLog-Init-Reporter] INFO  com.mchange.v2.log.MLog - MLog clients using slf4j logging. 
2017-07-12 11:34:16,436 [MLog-Init-Reporter] DEBUG com.mchange.v2.log.MLog - Reading VM config for path list /com/mchange/v2/log/default-mchange-log.properties, /mchange-commons.properties, /c3p0.properties, hocon:/reference,/application,/c3p0,/, /mchange-log.properties, / 
2017-07-12 11:34:16,438 [MLog-Init-Reporter] DEBUG com.mchange.v2.log.MLog - The configuration file for resource identifier '/mchange-commons.properties' could not be found. Skipping. 
2017-07-12 11:34:16,438 [MLog-Init-Reporter] DEBUG com.mchange.v2.log.MLog - The configuration file for resource identifier '/c3p0.properties' could not be found. Skipping. 
2017-07-12 11:34:16,439 [MLog-Init-Reporter] DEBUG com.mchange.v2.log.MLog - The configuration file for resource identifier 'hocon:/reference,/application,/c3p0,/' could not be found. Skipping. 
2017-07-12 11:34:16,440 [MLog-Init-Reporter] DEBUG com.mchange.v2.log.MLog - The configuration file for resource identifier '/mchange-log.properties' could not be found. Skipping. 
2017-07-12 11:34:16,472 [main] DEBUG com.mchange.v2.cfg.MConfig - The configuration file for resource identifier '/mchange-commons.properties' could not be found. Skipping. 
2017-07-12 11:34:16,477 [main] DEBUG com.mchange.v2.cfg.MConfig - The configuration file for resource identifier '/mchange-log.properties' could not be found. Skipping. 
2017-07-12 11:34:16,480 [main] DEBUG com.mchange.v2.cfg.MConfig - The configuration file for resource identifier 'hocon:/reference,/application,/c3p0,/' could not be found. Skipping. 
2017-07-12 11:34:16,481 [main] DEBUG com.mchange.v2.cfg.MConfig - The configuration file for resource identifier '/c3p0.properties' could not be found. Skipping. 
2017-07-12 11:34:16,757 [main] INFO  com.mchange.v2.c3p0.C3P0Registry - Initializing c3p0-0.9.5.2 [built 08-December-2015 22:06:04 -0800; debug? true; trace: 10] 
2017-07-12 11:34:16,873 [main] DEBUG c.m.v.c.m.DynamicPooledDataSourceManagerMBean - MBean: com.mchange.v2.c3p0:type=PooledDataSource,identityToken=1hge13m9peyqidd59as51|4363a519,name=1hge13m9peyqidd59as51|4363a519 registered. 
2017-07-12 11:34:16,995 [main] DEBUG c.m.v.c.m.DynamicPooledDataSourceManagerMBean - MBean: com.mchange.v2.c3p0:type=PooledDataSource,identityToken=1hge13m9peyqidd59as51|4363a519,name=1hge13m9peyqidd59as51|4363a519 unregistered, in order to be reregistered after update. 
2017-07-12 11:34:16,996 [main] DEBUG c.m.v.c.m.DynamicPooledDataSourceManagerMBean - MBean: com.mchange.v2.c3p0:type=PooledDataSource,identityToken=1hge13m9peyqidd59as51|4363a519,name=1hge13m9peyqidd59as51|4363a519 registered. 
2017-07-12 11:34:17,165 [main] INFO  c.m.v.c.i.AbstractPoolBackedDataSource - Initializing c3p0 pool... com.mchange.v2.c3p0.ComboPooledDataSource [ acquireIncrement -> 3, acquireRetryAttempts -> 30, acquireRetryDelay -> 1000, autoCommitOnClose -> false, automaticTestTable -> null, breakAfterAcquireFailure -> false, checkoutTimeout -> 0, connectionCustomizerClassName -> null, connectionTesterClassName -> com.mchange.v2.c3p0.impl.DefaultConnectionTester, contextClassLoaderSource -> caller, dataSourceName -> 1hge13m9peyqidd59as51|4363a519, debugUnreturnedConnectionStackTraces -> false, description -> null, driverClass -> com.mysql.jdbc.Driver, extensions -> {}, factoryClassLocation -> null, forceIgnoreUnresolvedTransactions -> false, forceSynchronousCheckins -> false, forceUseNamedDriverClass -> false, identityToken -> 1hge13m9peyqidd59as51|4363a519, idleConnectionTestPeriod -> 0, initialPoolSize -> 3, jdbcUrl -> jdbc:mysql://172.17.0.2:3306/ionut, maxAdministrativeTaskTime -> 0, maxConnectionAge -> 0, maxIdleTime -> 10800, maxIdleTimeExcessConnections -> 1800, maxPoolSize -> 15, maxStatements -> 0, maxStatementsPerConnection -> 0, minPoolSize -> 3, numHelperThreads -> 3, preferredTestQuery -> null, privilegeSpawnedThreads -> false, properties -> {user=******, password=******}, propertyCycle -> 0, statementCacheNumDeferredCloseThreads -> 0, testConnectionOnCheckin -> false, testConnectionOnCheckout -> false, unreturnedConnectionTimeout -> 0, userOverrides -> {}, usesTraditionalReflectiveProxies -> false ] 
2017-07-12 11:34:17,215 [main] DEBUG com.mchange.v2.cfg.MConfig - The configuration file for resource identifier '/mchange-commons.properties' could not be found. Skipping. 
2017-07-12 11:34:17,216 [main] DEBUG com.mchange.v2.cfg.MConfig - The configuration file for resource identifier '/mchange-log.properties' could not be found. Skipping. 
2017-07-12 11:34:17,223 [main] DEBUG com.mchange.v2.cfg.MConfig - The configuration file for resource identifier '/c3p0.properties' could not be found. Skipping. 
2017-07-12 11:34:17,224 [main] DEBUG com.mchange.v2.cfg.MConfig - The configuration file for resource identifier 'hocon:/reference,/application,/c3p0,/' could not be found. Skipping. 
2017-07-12 11:34:17,241 [main] DEBUG c.m.v.resourcepool.BasicResourcePool - com.mchange.v2.resourcepool.BasicResourcePool@a184485 config: [start -> 3; min -> 3; max -> 15; inc -> 3; num_acq_attempts -> 30; acq_attempt_delay -> 1000; check_idle_resources_delay -> 0; max_resource_age -> 0; max_idle_time -> 10800000; excess_max_idle_time -> 1800000; destroy_unreturned_resc_time -> 0; expiration_enforcement_delay -> 450000; break_on_acquisition_failure -> false; debug_store_checkout_exceptions -> false; force_synchronous_checkins -> false] 
2017-07-12 11:34:17,243 [main] DEBUG c.m.v.c.i.C3P0PooledConnectionPoolManager - Created new pool for auth, username (masked): 'ro******'. 
2017-07-12 11:34:17,257 [main] DEBUG c.m.v.resourcepool.BasicResourcePool - acquire test -- pool size: 0; target_pool_size: 3; desired target? 1 
2017-07-12 11:34:17,265 [main] DEBUG c.m.v.resourcepool.BasicResourcePool - awaitAvailable(): [unknown] 
2017-07-12 11:34:36,907 [main] DEBUG org.jboss.logging - Logging Provider: org.jboss.logging.Slf4jLoggerProvider 
2017-07-12 11:59:07,511 [MLog-Init-Reporter] INFO  com.mchange.v2.log.MLog - MLog clients using slf4j logging. 
2017-07-12 11:59:07,558 [MLog-Init-Reporter] DEBUG com.mchange.v2.log.MLog - Reading VM config for path list /com/mchange/v2/log/default-mchange-log.properties, /mchange-commons.properties, /c3p0.properties, hocon:/reference,/application,/c3p0,/, /mchange-log.properties, / 
2017-07-12 11:59:07,558 [MLog-Init-Reporter] DEBUG com.mchange.v2.log.MLog - The configuration file for resource identifier '/mchange-commons.properties' could not be found. Skipping. 
2017-07-12 11:59:07,559 [MLog-Init-Reporter] DEBUG com.mchange.v2.log.MLog - The configuration file for resource identifier '/c3p0.properties' could not be found. Skipping. 
2017-07-12 11:59:07,559 [MLog-Init-Reporter] DEBUG com.mchange.v2.log.MLog - The configuration file for resource identifier 'hocon:/reference,/application,/c3p0,/' could not be found. Skipping. 
2017-07-12 11:59:07,559 [MLog-Init-Reporter] DEBUG com.mchange.v2.log.MLog - The configuration file for resource identifier '/mchange-log.properties' could not be found. Skipping. 
2017-07-12 11:59:07,572 [main] DEBUG com.mchange.v2.cfg.MConfig - The configuration file for resource identifier '/mchange-commons.properties' could not be found. Skipping. 
2017-07-12 11:59:07,576 [main] DEBUG com.mchange.v2.cfg.MConfig - The configuration file for resource identifier '/mchange-log.properties' could not be found. Skipping. 
2017-07-12 11:59:07,578 [main] DEBUG com.mchange.v2.cfg.MConfig - The configuration file for resource identifier 'hocon:/reference,/application,/c3p0,/' could not be found. Skipping. 
2017-07-12 11:59:07,579 [main] DEBUG com.mchange.v2.cfg.MConfig - The configuration file for resource identifier '/c3p0.properties' could not be found. Skipping. 
2017-07-12 11:59:07,861 [main] INFO  com.mchange.v2.c3p0.C3P0Registry - Initializing c3p0-0.9.5.2 [built 08-December-2015 22:06:04 -0800; debug? true; trace: 10] 
2017-07-12 11:59:07,973 [main] DEBUG c.m.v.c.m.DynamicPooledDataSourceManagerMBean - MBean: com.mchange.v2.c3p0:type=PooledDataSource,identityToken=1hge13m9pezmgwq1dts4kw|43f1a188,name=1hge13m9pezmgwq1dts4kw|43f1a188 registered. 
2017-07-12 11:59:08,089 [main] DEBUG c.m.v.c.m.DynamicPooledDataSourceManagerMBean - MBean: com.mchange.v2.c3p0:type=PooledDataSource,identityToken=1hge13m9pezmgwq1dts4kw|43f1a188,name=1hge13m9pezmgwq1dts4kw|43f1a188 unregistered, in order to be reregistered after update. 
2017-07-12 11:59:08,090 [main] DEBUG c.m.v.c.m.DynamicPooledDataSourceManagerMBean - MBean: com.mchange.v2.c3p0:type=PooledDataSource,identityToken=1hge13m9pezmgwq1dts4kw|43f1a188,name=1hge13m9pezmgwq1dts4kw|43f1a188 registered. 
2017-07-12 11:59:08,241 [main] INFO  c.m.v.c.i.AbstractPoolBackedDataSource - Initializing c3p0 pool... com.mchange.v2.c3p0.ComboPooledDataSource [ acquireIncrement -> 3, acquireRetryAttempts -> 30, acquireRetryDelay -> 1000, autoCommitOnClose -> false, automaticTestTable -> null, breakAfterAcquireFailure -> false, checkoutTimeout -> 0, connectionCustomizerClassName -> null, connectionTesterClassName -> com.mchange.v2.c3p0.impl.DefaultConnectionTester, contextClassLoaderSource -> caller, dataSourceName -> 1hge13m9pezmgwq1dts4kw|43f1a188, debugUnreturnedConnectionStackTraces -> false, description -> null, driverClass -> com.mysql.jdbc.Driver, extensions -> {}, factoryClassLocation -> null, forceIgnoreUnresolvedTransactions -> false, forceSynchronousCheckins -> false, forceUseNamedDriverClass -> false, identityToken -> 1hge13m9pezmgwq1dts4kw|43f1a188, idleConnectionTestPeriod -> 0, initialPoolSize -> 3, jdbcUrl -> jdbc:mysql://172.17.0.2:3306/ionut, maxAdministrativeTaskTime -> 0, maxConnectionAge -> 0, maxIdleTime -> 10800, maxIdleTimeExcessConnections -> 1800, maxPoolSize -> 15, maxStatements -> 0, maxStatementsPerConnection -> 0, minPoolSize -> 3, numHelperThreads -> 3, preferredTestQuery -> null, privilegeSpawnedThreads -> false, properties -> {user=******, password=******}, propertyCycle -> 0, statementCacheNumDeferredCloseThreads -> 0, testConnectionOnCheckin -> false, testConnectionOnCheckout -> false, unreturnedConnectionTimeout -> 0, userOverrides -> {}, usesTraditionalReflectiveProxies -> false ] 
2017-07-12 11:59:08,295 [main] DEBUG com.mchange.v2.cfg.MConfig - The configuration file for resource identifier '/mchange-commons.properties' could not be found. Skipping. 
2017-07-12 11:59:08,296 [main] DEBUG com.mchange.v2.cfg.MConfig - The configuration file for resource identifier '/mchange-log.properties' could not be found. Skipping. 
2017-07-12 11:59:08,297 [main] DEBUG com.mchange.v2.cfg.MConfig - The configuration file for resource identifier '/c3p0.properties' could not be found. Skipping. 
2017-07-12 11:59:08,298 [main] DEBUG com.mchange.v2.cfg.MConfig - The configuration file for resource identifier 'hocon:/reference,/application,/c3p0,/' could not be found. Skipping. 
2017-07-12 11:59:08,328 [main] DEBUG c.m.v.resourcepool.BasicResourcePool - com.mchange.v2.resourcepool.BasicResourcePool@5ce3ae71 config: [start -> 3; min -> 3; max -> 15; inc -> 3; num_acq_attempts -> 30; acq_attempt_delay -> 1000; check_idle_resources_delay -> 0; max_resource_age -> 0; max_idle_time -> 10800000; excess_max_idle_time -> 1800000; destroy_unreturned_resc_time -> 0; expiration_enforcement_delay -> 450000; break_on_acquisition_failure -> false; debug_store_checkout_exceptions -> false; force_synchronous_checkins -> false] 
2017-07-12 11:59:08,334 [main] DEBUG c.m.v.c.i.C3P0PooledConnectionPoolManager - Created new pool for auth, username (masked): 'ro******'. 
2017-07-12 11:59:08,339 [main] DEBUG c.m.v.resourcepool.BasicResourcePool - acquire test -- pool size: 0; target_pool_size: 3; desired target? 1 
2017-07-12 11:59:08,340 [main] DEBUG c.m.v.resourcepool.BasicResourcePool - awaitAvailable(): [unknown] 
2017-07-12 11:59:27,127 [main] DEBUG org.jboss.logging - Logging Provider: org.jboss.logging.Slf4jLoggerProvider 
2017-07-12 12:02:25,330 [MLog-Init-Reporter] INFO  com.mchange.v2.log.MLog - MLog clients using slf4j logging. 
2017-07-12 12:02:25,402 [MLog-Init-Reporter] DEBUG com.mchange.v2.log.MLog - Reading VM config for path list /com/mchange/v2/log/default-mchange-log.properties, /mchange-commons.properties, /c3p0.properties, hocon:/reference,/application,/c3p0,/, /mchange-log.properties, / 
2017-07-12 12:02:25,403 [MLog-Init-Reporter] DEBUG com.mchange.v2.log.MLog - The configuration file for resource identifier '/mchange-commons.properties' could not be found. Skipping. 
2017-07-12 12:02:25,412 [MLog-Init-Reporter] DEBUG com.mchange.v2.log.MLog - The configuration file for resource identifier '/c3p0.properties' could not be found. Skipping. 
2017-07-12 12:02:25,413 [MLog-Init-Reporter] DEBUG com.mchange.v2.log.MLog - The configuration file for resource identifier 'hocon:/reference,/application,/c3p0,/' could not be found. Skipping. 
2017-07-12 12:02:25,414 [MLog-Init-Reporter] DEBUG com.mchange.v2.log.MLog - The configuration file for resource identifier '/mchange-log.properties' could not be found. Skipping. 
2017-07-12 12:02:25,418 [main] DEBUG com.mchange.v2.cfg.MConfig - The configuration file for resource identifier '/mchange-commons.properties' could not be found. Skipping. 
2017-07-12 12:02:25,433 [main] DEBUG com.mchange.v2.cfg.MConfig - The configuration file for resource identifier '/mchange-log.properties' could not be found. Skipping. 
2017-07-12 12:02:25,433 [main] DEBUG com.mchange.v2.cfg.MConfig - The configuration file for resource identifier 'hocon:/reference,/application,/c3p0,/' could not be found. Skipping. 
2017-07-12 12:02:25,434 [main] DEBUG com.mchange.v2.cfg.MConfig - The configuration file for resource identifier '/c3p0.properties' could not be found. Skipping. 
2017-07-12 12:02:25,712 [main] INFO  com.mchange.v2.c3p0.C3P0Registry - Initializing c3p0-0.9.5.2 [built 08-December-2015 22:06:04 -0800; debug? true; trace: 10] 
2017-07-12 12:02:25,824 [main] DEBUG c.m.v.c.m.DynamicPooledDataSourceManagerMBean - MBean: com.mchange.v2.c3p0:type=PooledDataSource,identityToken=1hge13m9pezqpkgete5p6|156cfd3b,name=1hge13m9pezqpkgete5p6|156cfd3b registered. 
2017-07-12 12:02:25,942 [main] DEBUG c.m.v.c.m.DynamicPooledDataSourceManagerMBean - MBean: com.mchange.v2.c3p0:type=PooledDataSource,identityToken=1hge13m9pezqpkgete5p6|156cfd3b,name=1hge13m9pezqpkgete5p6|156cfd3b unregistered, in order to be reregistered after update. 
2017-07-12 12:02:25,943 [main] DEBUG c.m.v.c.m.DynamicPooledDataSourceManagerMBean - MBean: com.mchange.v2.c3p0:type=PooledDataSource,identityToken=1hge13m9pezqpkgete5p6|156cfd3b,name=1hge13m9pezqpkgete5p6|156cfd3b registered. 
2017-07-12 12:02:26,130 [main] INFO  c.m.v.c.i.AbstractPoolBackedDataSource - Initializing c3p0 pool... com.mchange.v2.c3p0.ComboPooledDataSource [ acquireIncrement -> 3, acquireRetryAttempts -> 30, acquireRetryDelay -> 1000, autoCommitOnClose -> false, automaticTestTable -> null, breakAfterAcquireFailure -> false, checkoutTimeout -> 0, connectionCustomizerClassName -> null, connectionTesterClassName -> com.mchange.v2.c3p0.impl.DefaultConnectionTester, contextClassLoaderSource -> caller, dataSourceName -> 1hge13m9pezqpkgete5p6|156cfd3b, debugUnreturnedConnectionStackTraces -> false, description -> null, driverClass -> com.mysql.jdbc.Driver, extensions -> {}, factoryClassLocation -> null, forceIgnoreUnresolvedTransactions -> false, forceSynchronousCheckins -> false, forceUseNamedDriverClass -> false, identityToken -> 1hge13m9pezqpkgete5p6|156cfd3b, idleConnectionTestPeriod -> 0, initialPoolSize -> 3, jdbcUrl -> jdbc:mysql://172.17.0.2:3306/ionut, maxAdministrativeTaskTime -> 0, maxConnectionAge -> 0, maxIdleTime -> 10800, maxIdleTimeExcessConnections -> 1800, maxPoolSize -> 15, maxStatements -> 0, maxStatementsPerConnection -> 0, minPoolSize -> 3, numHelperThreads -> 3, preferredTestQuery -> null, privilegeSpawnedThreads -> false, properties -> {user=******, password=******}, propertyCycle -> 0, statementCacheNumDeferredCloseThreads -> 0, testConnectionOnCheckin -> false, testConnectionOnCheckout -> false, unreturnedConnectionTimeout -> 0, userOverrides -> {}, usesTraditionalReflectiveProxies -> false ] 
2017-07-12 12:02:26,214 [main] DEBUG com.mchange.v2.cfg.MConfig - The configuration file for resource identifier '/mchange-commons.properties' could not be found. Skipping. 
2017-07-12 12:02:26,214 [main] DEBUG com.mchange.v2.cfg.MConfig - The configuration file for resource identifier '/mchange-log.properties' could not be found. Skipping. 
2017-07-12 12:02:26,214 [main] DEBUG com.mchange.v2.cfg.MConfig - The configuration file for resource identifier '/c3p0.properties' could not be found. Skipping. 
2017-07-12 12:02:26,215 [main] DEBUG com.mchange.v2.cfg.MConfig - The configuration file for resource identifier 'hocon:/reference,/application,/c3p0,/' could not be found. Skipping. 
2017-07-12 12:02:26,220 [main] DEBUG c.m.v.resourcepool.BasicResourcePool - com.mchange.v2.resourcepool.BasicResourcePool@791d23ff config: [start -> 3; min -> 3; max -> 15; inc -> 3; num_acq_attempts -> 30; acq_attempt_delay -> 1000; check_idle_resources_delay -> 0; max_resource_age -> 0; max_idle_time -> 10800000; excess_max_idle_time -> 1800000; destroy_unreturned_resc_time -> 0; expiration_enforcement_delay -> 450000; break_on_acquisition_failure -> false; debug_store_checkout_exceptions -> false; force_synchronous_checkins -> false] 
2017-07-12 12:02:26,221 [main] DEBUG c.m.v.c.i.C3P0PooledConnectionPoolManager - Created new pool for auth, username (masked): 'ro******'. 
2017-07-12 12:02:26,221 [main] DEBUG c.m.v.resourcepool.BasicResourcePool - acquire test -- pool size: 0; target_pool_size: 3; desired target? 1 
2017-07-12 12:02:26,222 [main] DEBUG c.m.v.resourcepool.BasicResourcePool - awaitAvailable(): [unknown] 
2017-07-12 12:02:46,526 [main] DEBUG org.jboss.logging - Logging Provider: org.jboss.logging.Slf4jLoggerProvider 
2017-07-12 12:29:17,199 [MLog-Init-Reporter] INFO  com.mchange.v2.log.MLog - MLog clients using slf4j logging. 
2017-07-12 12:29:17,284 [MLog-Init-Reporter] DEBUG com.mchange.v2.log.MLog - Reading VM config for path list /com/mchange/v2/log/default-mchange-log.properties, /mchange-commons.properties, /c3p0.properties, hocon:/reference,/application,/c3p0,/, /mchange-log.properties, / 
2017-07-12 12:29:17,286 [MLog-Init-Reporter] DEBUG com.mchange.v2.log.MLog - The configuration file for resource identifier '/mchange-commons.properties' could not be found. Skipping. 
2017-07-12 12:29:17,291 [MLog-Init-Reporter] DEBUG com.mchange.v2.log.MLog - The configuration file for resource identifier '/c3p0.properties' could not be found. Skipping. 
2017-07-12 12:29:17,305 [MLog-Init-Reporter] DEBUG com.mchange.v2.log.MLog - The configuration file for resource identifier 'hocon:/reference,/application,/c3p0,/' could not be found. Skipping. 
2017-07-12 12:29:17,292 [main] DEBUG com.mchange.v2.cfg.MConfig - The configuration file for resource identifier '/mchange-commons.properties' could not be found. Skipping. 
2017-07-12 12:29:17,323 [MLog-Init-Reporter] DEBUG com.mchange.v2.log.MLog - The configuration file for resource identifier '/mchange-log.properties' could not be found. Skipping. 
2017-07-12 12:29:17,331 [main] DEBUG com.mchange.v2.cfg.MConfig - The configuration file for resource identifier '/mchange-log.properties' could not be found. Skipping. 
2017-07-12 12:29:17,333 [main] DEBUG com.mchange.v2.cfg.MConfig - The configuration file for resource identifier 'hocon:/reference,/application,/c3p0,/' could not be found. Skipping. 
2017-07-12 12:29:17,333 [main] DEBUG com.mchange.v2.cfg.MConfig - The configuration file for resource identifier '/c3p0.properties' could not be found. Skipping. 
2017-07-12 12:29:17,655 [main] INFO  com.mchange.v2.c3p0.C3P0Registry - Initializing c3p0-0.9.5.2 [built 08-December-2015 22:06:04 -0800; debug? true; trace: 10] 
2017-07-12 12:29:17,770 [main] DEBUG c.m.v.c.m.DynamicPooledDataSourceManagerMBean - MBean: com.mchange.v2.c3p0:type=PooledDataSource,identityToken=1hge13m9pf0p9bf1487wgo|553fdf58,name=1hge13m9pf0p9bf1487wgo|553fdf58 registered. 
2017-07-12 12:29:17,877 [main] DEBUG c.m.v.c.m.DynamicPooledDataSourceManagerMBean - MBean: com.mchange.v2.c3p0:type=PooledDataSource,identityToken=1hge13m9pf0p9bf1487wgo|553fdf58,name=1hge13m9pf0p9bf1487wgo|553fdf58 unregistered, in order to be reregistered after update. 
2017-07-12 12:29:17,878 [main] DEBUG c.m.v.c.m.DynamicPooledDataSourceManagerMBean - MBean: com.mchange.v2.c3p0:type=PooledDataSource,identityToken=1hge13m9pf0p9bf1487wgo|553fdf58,name=1hge13m9pf0p9bf1487wgo|553fdf58 registered. 
2017-07-12 12:29:18,085 [main] INFO  c.m.v.c.i.AbstractPoolBackedDataSource - Initializing c3p0 pool... com.mchange.v2.c3p0.ComboPooledDataSource [ acquireIncrement -> 3, acquireRetryAttempts -> 30, acquireRetryDelay -> 1000, autoCommitOnClose -> false, automaticTestTable -> null, breakAfterAcquireFailure -> false, checkoutTimeout -> 0, connectionCustomizerClassName -> null, connectionTesterClassName -> com.mchange.v2.c3p0.impl.DefaultConnectionTester, contextClassLoaderSource -> caller, dataSourceName -> 1hge13m9pf0p9bf1487wgo|553fdf58, debugUnreturnedConnectionStackTraces -> false, description -> null, driverClass -> com.mysql.jdbc.Driver, extensions -> {}, factoryClassLocation -> null, forceIgnoreUnresolvedTransactions -> false, forceSynchronousCheckins -> false, forceUseNamedDriverClass -> false, identityToken -> 1hge13m9pf0p9bf1487wgo|553fdf58, idleConnectionTestPeriod -> 0, initialPoolSize -> 3, jdbcUrl -> jdbc:mysql://172.17.0.2:3306/ionut, maxAdministrativeTaskTime -> 0, maxConnectionAge -> 0, maxIdleTime -> 10800, maxIdleTimeExcessConnections -> 1800, maxPoolSize -> 15, maxStatements -> 0, maxStatementsPerConnection -> 0, minPoolSize -> 3, numHelperThreads -> 3, preferredTestQuery -> null, privilegeSpawnedThreads -> false, properties -> {user=******, password=******}, propertyCycle -> 0, statementCacheNumDeferredCloseThreads -> 0, testConnectionOnCheckin -> false, testConnectionOnCheckout -> false, unreturnedConnectionTimeout -> 0, userOverrides -> {}, usesTraditionalReflectiveProxies -> false ] 
2017-07-12 12:29:18,148 [main] DEBUG com.mchange.v2.cfg.MConfig - The configuration file for resource identifier '/mchange-commons.properties' could not be found. Skipping. 
2017-07-12 12:29:18,149 [main] DEBUG com.mchange.v2.cfg.MConfig - The configuration file for resource identifier '/mchange-log.properties' could not be found. Skipping. 
2017-07-12 12:29:18,163 [main] DEBUG com.mchange.v2.cfg.MConfig - The configuration file for resource identifier '/c3p0.properties' could not be found. Skipping. 
2017-07-12 12:29:18,164 [main] DEBUG com.mchange.v2.cfg.MConfig - The configuration file for resource identifier 'hocon:/reference,/application,/c3p0,/' could not be found. Skipping. 
2017-07-12 12:29:18,186 [main] DEBUG c.m.v.resourcepool.BasicResourcePool - com.mchange.v2.resourcepool.BasicResourcePool@f5dd2de config: [start -> 3; min -> 3; max -> 15; inc -> 3; num_acq_attempts -> 30; acq_attempt_delay -> 1000; check_idle_resources_delay -> 0; max_resource_age -> 0; max_idle_time -> 10800000; excess_max_idle_time -> 1800000; destroy_unreturned_resc_time -> 0; expiration_enforcement_delay -> 450000; break_on_acquisition_failure -> false; debug_store_checkout_exceptions -> false; force_synchronous_checkins -> false] 
2017-07-12 12:29:18,187 [main] DEBUG c.m.v.c.i.C3P0PooledConnectionPoolManager - Created new pool for auth, username (masked): 'ro******'. 
2017-07-12 12:29:18,188 [main] DEBUG c.m.v.resourcepool.BasicResourcePool - acquire test -- pool size: 0; target_pool_size: 3; desired target? 1 
2017-07-12 12:29:18,194 [main] DEBUG c.m.v.resourcepool.BasicResourcePool - awaitAvailable(): [unknown] 
2017-07-12 12:30:46,589 [MLog-Init-Reporter] INFO  com.mchange.v2.log.MLog - MLog clients using slf4j logging. 
2017-07-12 12:30:46,660 [MLog-Init-Reporter] DEBUG com.mchange.v2.log.MLog - Reading VM config for path list /com/mchange/v2/log/default-mchange-log.properties, /mchange-commons.properties, /c3p0.properties, hocon:/reference,/application,/c3p0,/, /mchange-log.properties, / 
2017-07-12 12:30:46,660 [MLog-Init-Reporter] DEBUG com.mchange.v2.log.MLog - The configuration file for resource identifier '/mchange-commons.properties' could not be found. Skipping. 
2017-07-12 12:30:46,660 [MLog-Init-Reporter] DEBUG com.mchange.v2.log.MLog - The configuration file for resource identifier '/c3p0.properties' could not be found. Skipping. 
2017-07-12 12:30:46,661 [MLog-Init-Reporter] DEBUG com.mchange.v2.log.MLog - The configuration file for resource identifier 'hocon:/reference,/application,/c3p0,/' could not be found. Skipping. 
2017-07-12 12:30:46,661 [MLog-Init-Reporter] DEBUG com.mchange.v2.log.MLog - The configuration file for resource identifier '/mchange-log.properties' could not be found. Skipping. 
2017-07-12 12:30:46,716 [main] DEBUG com.mchange.v2.cfg.MConfig - The configuration file for resource identifier '/mchange-commons.properties' could not be found. Skipping. 
2017-07-12 12:30:46,729 [main] DEBUG com.mchange.v2.cfg.MConfig - The configuration file for resource identifier '/mchange-log.properties' could not be found. Skipping. 
2017-07-12 12:30:46,729 [main] DEBUG com.mchange.v2.cfg.MConfig - The configuration file for resource identifier 'hocon:/reference,/application,/c3p0,/' could not be found. Skipping. 
2017-07-12 12:30:46,734 [main] DEBUG com.mchange.v2.cfg.MConfig - The configuration file for resource identifier '/c3p0.properties' could not be found. Skipping. 
2017-07-12 12:30:47,110 [main] INFO  com.mchange.v2.c3p0.C3P0Registry - Initializing c3p0-0.9.5.2 [built 08-December-2015 22:06:04 -0800; debug? true; trace: 10] 
2017-07-12 12:30:47,261 [main] DEBUG c.m.v.c.m.DynamicPooledDataSourceManagerMBean - MBean: com.mchange.v2.c3p0:type=PooledDataSource,identityToken=1hge13m9pf0r6ch1omxxxr|553fdf58,name=1hge13m9pf0r6ch1omxxxr|553fdf58 registered. 
2017-07-12 12:30:47,430 [main] DEBUG c.m.v.c.m.DynamicPooledDataSourceManagerMBean - MBean: com.mchange.v2.c3p0:type=PooledDataSource,identityToken=1hge13m9pf0r6ch1omxxxr|553fdf58,name=1hge13m9pf0r6ch1omxxxr|553fdf58 unregistered, in order to be reregistered after update. 
2017-07-12 12:30:47,451 [main] DEBUG c.m.v.c.m.DynamicPooledDataSourceManagerMBean - MBean: com.mchange.v2.c3p0:type=PooledDataSource,identityToken=1hge13m9pf0r6ch1omxxxr|553fdf58,name=1hge13m9pf0r6ch1omxxxr|553fdf58 registered. 
2017-07-12 12:30:47,689 [main] INFO  c.m.v.c.i.AbstractPoolBackedDataSource - Initializing c3p0 pool... com.mchange.v2.c3p0.ComboPooledDataSource [ acquireIncrement -> 3, acquireRetryAttempts -> 30, acquireRetryDelay -> 1000, autoCommitOnClose -> false, automaticTestTable -> null, breakAfterAcquireFailure -> false, checkoutTimeout -> 0, connectionCustomizerClassName -> null, connectionTesterClassName -> com.mchange.v2.c3p0.impl.DefaultConnectionTester, contextClassLoaderSource -> caller, dataSourceName -> 1hge13m9pf0r6ch1omxxxr|553fdf58, debugUnreturnedConnectionStackTraces -> false, description -> null, driverClass -> com.mysql.jdbc.Driver, extensions -> {}, factoryClassLocation -> null, forceIgnoreUnresolvedTransactions -> false, forceSynchronousCheckins -> false, forceUseNamedDriverClass -> false, identityToken -> 1hge13m9pf0r6ch1omxxxr|553fdf58, idleConnectionTestPeriod -> 0, initialPoolSize -> 3, jdbcUrl -> jdbc:mysql://172.17.0.2:3306/ionut, maxAdministrativeTaskTime -> 0, maxConnectionAge -> 0, maxIdleTime -> 10800, maxIdleTimeExcessConnections -> 1800, maxPoolSize -> 15, maxStatements -> 0, maxStatementsPerConnection -> 0, minPoolSize -> 3, numHelperThreads -> 3, preferredTestQuery -> null, privilegeSpawnedThreads -> false, properties -> {user=******, password=******}, propertyCycle -> 0, statementCacheNumDeferredCloseThreads -> 0, testConnectionOnCheckin -> false, testConnectionOnCheckout -> false, unreturnedConnectionTimeout -> 0, userOverrides -> {}, usesTraditionalReflectiveProxies -> false ] 
2017-07-12 12:30:47,752 [main] DEBUG com.mchange.v2.cfg.MConfig - The configuration file for resource identifier '/mchange-commons.properties' could not be found. Skipping. 
2017-07-12 12:30:47,772 [main] DEBUG com.mchange.v2.cfg.MConfig - The configuration file for resource identifier '/mchange-log.properties' could not be found. Skipping. 
2017-07-12 12:30:47,779 [main] DEBUG com.mchange.v2.cfg.MConfig - The configuration file for resource identifier '/c3p0.properties' could not be found. Skipping. 
2017-07-12 12:30:47,780 [main] DEBUG com.mchange.v2.cfg.MConfig - The configuration file for resource identifier 'hocon:/reference,/application,/c3p0,/' could not be found. Skipping. 
2017-07-12 12:30:47,809 [main] DEBUG c.m.v.resourcepool.BasicResourcePool - com.mchange.v2.resourcepool.BasicResourcePool@f5dd2de config: [start -> 3; min -> 3; max -> 15; inc -> 3; num_acq_attempts -> 30; acq_attempt_delay -> 1000; check_idle_resources_delay -> 0; max_resource_age -> 0; max_idle_time -> 10800000; excess_max_idle_time -> 1800000; destroy_unreturned_resc_time -> 0; expiration_enforcement_delay -> 450000; break_on_acquisition_failure -> false; debug_store_checkout_exceptions -> false; force_synchronous_checkins -> false] 
2017-07-12 12:30:47,810 [main] DEBUG c.m.v.c.i.C3P0PooledConnectionPoolManager - Created new pool for auth, username (masked): 'ro******'. 
2017-07-12 12:30:47,811 [main] DEBUG c.m.v.resourcepool.BasicResourcePool - acquire test -- pool size: 0; target_pool_size: 3; desired target? 1 
2017-07-12 12:30:47,811 [main] DEBUG c.m.v.resourcepool.BasicResourcePool - awaitAvailable(): [unknown] 
2017-07-12 12:31:07,726 [main] DEBUG org.jboss.logging - Logging Provider: org.jboss.logging.Slf4jLoggerProvider 
2017-07-12 12:31:11,872 [main] INFO  guestbook.env - 
-=[guestbook started successfully using the development profile]=- 
2017-07-12 12:31:12,651 [main] INFO  luminus.http-server - starting HTTP server on port 3000 
2017-07-12 12:31:12,908 [main] INFO  org.xnio - XNIO version 3.3.6.Final 
2017-07-12 12:31:13,483 [main] INFO  org.projectodd.wunderboss.web.Web - Registered web context / 
2017-07-12 12:31:13,489 [main] INFO  luminus.repl-server - starting nREPL server on port 7000 
2017-07-12 12:31:13,559 [main] INFO  guestbook.core - #'guestbook.config/env started 
2017-07-12 12:31:13,560 [main] INFO  guestbook.core - #'guestbook.handler/init-app started 
2017-07-12 12:31:13,561 [main] INFO  guestbook.core - #'guestbook.core/http-server started 
2017-07-12 12:31:13,569 [main] INFO  guestbook.core - #'guestbook.core/repl-server started 
2017-07-12 12:33:25,772 [Thread-6] INFO  luminus.repl-server - nREPL server stopped 
2017-07-12 12:33:25,776 [Thread-6] DEBUG org.projectodd.wunderboss.WunderBoss - Returning existing component for org.projectodd.wunderboss.web.Web:-1645144552, ignoring options. 
2017-07-12 12:33:25,802 [Thread-6] INFO  luminus.http-server - HTTP server stopped 
2017-07-12 12:33:25,805 [Thread-6] INFO  guestbook.env - 
-=[guestbook has shut down successfully]=- 
2017-07-12 12:33:25,808 [Thread-6] INFO  guestbook.core - #'guestbook.core/repl-server stopped 
2017-07-12 12:33:25,809 [Thread-6] INFO  guestbook.core - #'guestbook.core/http-server stopped 
2017-07-12 12:33:25,813 [Thread-6] INFO  guestbook.core - #'guestbook.handler/init-app stopped 
2017-07-12 12:34:28,865 [MLog-Init-Reporter] INFO  com.mchange.v2.log.MLog - MLog clients using slf4j logging. 
2017-07-12 12:34:28,923 [MLog-Init-Reporter] DEBUG com.mchange.v2.log.MLog - Reading VM config for path list /com/mchange/v2/log/default-mchange-log.properties, /mchange-commons.properties, /c3p0.properties, hocon:/reference,/application,/c3p0,/, /mchange-log.properties, / 
2017-07-12 12:34:28,924 [MLog-Init-Reporter] DEBUG com.mchange.v2.log.MLog - The configuration file for resource identifier '/mchange-commons.properties' could not be found. Skipping. 
2017-07-12 12:34:28,924 [MLog-Init-Reporter] DEBUG com.mchange.v2.log.MLog - The configuration file for resource identifier '/c3p0.properties' could not be found. Skipping. 
2017-07-12 12:34:28,924 [MLog-Init-Reporter] DEBUG com.mchange.v2.log.MLog - The configuration file for resource identifier 'hocon:/reference,/application,/c3p0,/' could not be found. Skipping. 
2017-07-12 12:34:28,924 [MLog-Init-Reporter] DEBUG com.mchange.v2.log.MLog - The configuration file for resource identifier '/mchange-log.properties' could not be found. Skipping. 
2017-07-12 12:34:28,938 [main] DEBUG com.mchange.v2.cfg.MConfig - The configuration file for resource identifier '/mchange-commons.properties' could not be found. Skipping. 
2017-07-12 12:34:28,946 [main] DEBUG com.mchange.v2.cfg.MConfig - The configuration file for resource identifier '/mchange-log.properties' could not be found. Skipping. 
2017-07-12 12:34:28,946 [main] DEBUG com.mchange.v2.cfg.MConfig - The configuration file for resource identifier 'hocon:/reference,/application,/c3p0,/' could not be found. Skipping. 
2017-07-12 12:34:28,947 [main] DEBUG com.mchange.v2.cfg.MConfig - The configuration file for resource identifier '/c3p0.properties' could not be found. Skipping. 
2017-07-12 12:34:29,255 [main] INFO  com.mchange.v2.c3p0.C3P0Registry - Initializing c3p0-0.9.5.2 [built 08-December-2015 22:06:04 -0800; debug? true; trace: 10] 
2017-07-12 12:34:29,355 [main] DEBUG c.m.v.c.m.DynamicPooledDataSourceManagerMBean - MBean: com.mchange.v2.c3p0:type=PooledDataSource,identityToken=1hge13m9pf0vxr61wrhnsu|553fdf58,name=1hge13m9pf0vxr61wrhnsu|553fdf58 registered. 
2017-07-12 12:34:29,468 [main] DEBUG c.m.v.c.m.DynamicPooledDataSourceManagerMBean - MBean: com.mchange.v2.c3p0:type=PooledDataSource,identityToken=1hge13m9pf0vxr61wrhnsu|553fdf58,name=1hge13m9pf0vxr61wrhnsu|553fdf58 unregistered, in order to be reregistered after update. 
2017-07-12 12:34:29,481 [main] DEBUG c.m.v.c.m.DynamicPooledDataSourceManagerMBean - MBean: com.mchange.v2.c3p0:type=PooledDataSource,identityToken=1hge13m9pf0vxr61wrhnsu|553fdf58,name=1hge13m9pf0vxr61wrhnsu|553fdf58 registered. 
2017-07-12 12:34:29,627 [main] INFO  c.m.v.c.i.AbstractPoolBackedDataSource - Initializing c3p0 pool... com.mchange.v2.c3p0.ComboPooledDataSource [ acquireIncrement -> 3, acquireRetryAttempts -> 30, acquireRetryDelay -> 1000, autoCommitOnClose -> false, automaticTestTable -> null, breakAfterAcquireFailure -> false, checkoutTimeout -> 0, connectionCustomizerClassName -> null, connectionTesterClassName -> com.mchange.v2.c3p0.impl.DefaultConnectionTester, contextClassLoaderSource -> caller, dataSourceName -> 1hge13m9pf0vxr61wrhnsu|553fdf58, debugUnreturnedConnectionStackTraces -> false, description -> null, driverClass -> com.mysql.jdbc.Driver, extensions -> {}, factoryClassLocation -> null, forceIgnoreUnresolvedTransactions -> false, forceSynchronousCheckins -> false, forceUseNamedDriverClass -> false, identityToken -> 1hge13m9pf0vxr61wrhnsu|553fdf58, idleConnectionTestPeriod -> 0, initialPoolSize -> 3, jdbcUrl -> jdbc:mysql://172.17.0.2:3306/ionut, maxAdministrativeTaskTime -> 0, maxConnectionAge -> 0, maxIdleTime -> 10800, maxIdleTimeExcessConnections -> 1800, maxPoolSize -> 15, maxStatements -> 0, maxStatementsPerConnection -> 0, minPoolSize -> 3, numHelperThreads -> 3, preferredTestQuery -> null, privilegeSpawnedThreads -> false, properties -> {user=******, password=******}, propertyCycle -> 0, statementCacheNumDeferredCloseThreads -> 0, testConnectionOnCheckin -> false, testConnectionOnCheckout -> false, unreturnedConnectionTimeout -> 0, userOverrides -> {}, usesTraditionalReflectiveProxies -> false ] 
2017-07-12 12:34:29,681 [main] DEBUG com.mchange.v2.cfg.MConfig - The configuration file for resource identifier '/mchange-commons.properties' could not be found. Skipping. 
2017-07-12 12:34:29,687 [main] DEBUG com.mchange.v2.cfg.MConfig - The configuration file for resource identifier '/mchange-log.properties' could not be found. Skipping. 
2017-07-12 12:34:29,688 [main] DEBUG com.mchange.v2.cfg.MConfig - The configuration file for resource identifier '/c3p0.properties' could not be found. Skipping. 
2017-07-12 12:34:29,690 [main] DEBUG com.mchange.v2.cfg.MConfig - The configuration file for resource identifier 'hocon:/reference,/application,/c3p0,/' could not be found. Skipping. 
2017-07-12 12:34:29,722 [main] DEBUG c.m.v.resourcepool.BasicResourcePool - com.mchange.v2.resourcepool.BasicResourcePool@f5dd2de config: [start -> 3; min -> 3; max -> 15; inc -> 3; num_acq_attempts -> 30; acq_attempt_delay -> 1000; check_idle_resources_delay -> 0; max_resource_age -> 0; max_idle_time -> 10800000; excess_max_idle_time -> 1800000; destroy_unreturned_resc_time -> 0; expiration_enforcement_delay -> 450000; break_on_acquisition_failure -> false; debug_store_checkout_exceptions -> false; force_synchronous_checkins -> false] 
2017-07-12 12:34:29,723 [main] DEBUG c.m.v.c.i.C3P0PooledConnectionPoolManager - Created new pool for auth, username (masked): 'ro******'. 
2017-07-12 12:34:29,724 [main] DEBUG c.m.v.resourcepool.BasicResourcePool - acquire test -- pool size: 0; target_pool_size: 3; desired target? 1 
2017-07-12 12:34:29,726 [main] DEBUG c.m.v.resourcepool.BasicResourcePool - awaitAvailable(): [unknown] 
2017-07-12 12:34:49,880 [main] DEBUG org.jboss.logging - Logging Provider: org.jboss.logging.Slf4jLoggerProvider 
2017-07-12 12:34:53,623 [main] INFO  guestbook.env - 
-=[guestbook started successfully using the development profile]=- 
2017-07-12 12:34:54,278 [main] INFO  luminus.http-server - starting HTTP server on port 3000 
2017-07-12 12:34:54,569 [main] INFO  org.xnio - XNIO version 3.3.6.Final 
2017-07-12 12:34:55,281 [main] INFO  org.projectodd.wunderboss.web.Web - Registered web context / 
2017-07-12 12:34:55,294 [main] INFO  luminus.repl-server - starting nREPL server on port 7000 
2017-07-12 12:34:55,468 [main] INFO  guestbook.core - #'guestbook.config/env started 
2017-07-12 12:34:55,469 [main] INFO  guestbook.core - #'guestbook.handler/init-app started 
2017-07-12 12:34:55,471 [main] INFO  guestbook.core - #'guestbook.core/http-server started 
2017-07-12 12:34:55,472 [main] INFO  guestbook.core - #'guestbook.core/repl-server started 
2017-07-12 12:35:41,446 [Thread-6] INFO  luminus.repl-server - nREPL server stopped 
2017-07-12 12:35:41,452 [Thread-6] DEBUG org.projectodd.wunderboss.WunderBoss - Returning existing component for org.projectodd.wunderboss.web.Web:-1645144552, ignoring options. 
2017-07-12 12:35:41,508 [Thread-6] INFO  luminus.http-server - HTTP server stopped 
2017-07-12 12:35:41,511 [Thread-6] INFO  guestbook.env - 
-=[guestbook has shut down successfully]=- 
2017-07-12 12:35:41,513 [Thread-6] INFO  guestbook.core - #'guestbook.core/repl-server stopped 
2017-07-12 12:35:41,514 [Thread-6] INFO  guestbook.core - #'guestbook.core/http-server stopped 
2017-07-12 12:35:41,514 [Thread-6] INFO  guestbook.core - #'guestbook.handler/init-app stopped 
2017-07-12 12:36:46,018 [MLog-Init-Reporter] INFO  com.mchange.v2.log.MLog - MLog clients using slf4j logging. 
2017-07-12 12:36:46,108 [MLog-Init-Reporter] DEBUG com.mchange.v2.log.MLog - Reading VM config for path list /com/mchange/v2/log/default-mchange-log.properties, /mchange-commons.properties, /c3p0.properties, hocon:/reference,/application,/c3p0,/, /mchange-log.properties, / 
2017-07-12 12:36:46,112 [MLog-Init-Reporter] DEBUG com.mchange.v2.log.MLog - The configuration file for resource identifier '/mchange-commons.properties' could not be found. Skipping. 
2017-07-12 12:36:46,115 [MLog-Init-Reporter] DEBUG com.mchange.v2.log.MLog - The configuration file for resource identifier '/c3p0.properties' could not be found. Skipping. 
2017-07-12 12:36:46,115 [MLog-Init-Reporter] DEBUG com.mchange.v2.log.MLog - The configuration file for resource identifier 'hocon:/reference,/application,/c3p0,/' could not be found. Skipping. 
2017-07-12 12:36:46,116 [MLog-Init-Reporter] DEBUG com.mchange.v2.log.MLog - The configuration file for resource identifier '/mchange-log.properties' could not be found. Skipping. 
2017-07-12 12:36:46,111 [main] DEBUG com.mchange.v2.cfg.MConfig - The configuration file for resource identifier '/mchange-commons.properties' could not be found. Skipping. 
2017-07-12 12:36:46,124 [main] DEBUG com.mchange.v2.cfg.MConfig - The configuration file for resource identifier '/mchange-log.properties' could not be found. Skipping. 
2017-07-12 12:36:46,125 [main] DEBUG com.mchange.v2.cfg.MConfig - The configuration file for resource identifier 'hocon:/reference,/application,/c3p0,/' could not be found. Skipping. 
2017-07-12 12:36:46,126 [main] DEBUG com.mchange.v2.cfg.MConfig - The configuration file for resource identifier '/c3p0.properties' could not be found. Skipping. 
2017-07-12 12:36:46,515 [main] INFO  com.mchange.v2.c3p0.C3P0Registry - Initializing c3p0-0.9.5.2 [built 08-December-2015 22:06:04 -0800; debug? true; trace: 10] 
2017-07-12 12:36:46,624 [main] DEBUG c.m.v.c.m.DynamicPooledDataSourceManagerMBean - MBean: com.mchange.v2.c3p0:type=PooledDataSource,identityToken=1hge13m9pf0yvmvl1f2u6|3c638904,name=1hge13m9pf0yvmvl1f2u6|3c638904 registered. 
2017-07-12 12:36:46,714 [main] DEBUG c.m.v.c.m.DynamicPooledDataSourceManagerMBean - MBean: com.mchange.v2.c3p0:type=PooledDataSource,identityToken=1hge13m9pf0yvmvl1f2u6|3c638904,name=1hge13m9pf0yvmvl1f2u6|3c638904 unregistered, in order to be reregistered after update. 
2017-07-12 12:36:46,731 [main] DEBUG c.m.v.c.m.DynamicPooledDataSourceManagerMBean - MBean: com.mchange.v2.c3p0:type=PooledDataSource,identityToken=1hge13m9pf0yvmvl1f2u6|3c638904,name=1hge13m9pf0yvmvl1f2u6|3c638904 registered. 
2017-07-12 12:36:47,184 [main] INFO  c.m.v.c.i.AbstractPoolBackedDataSource - Initializing c3p0 pool... com.mchange.v2.c3p0.ComboPooledDataSource [ acquireIncrement -> 3, acquireRetryAttempts -> 30, acquireRetryDelay -> 1000, autoCommitOnClose -> false, automaticTestTable -> null, breakAfterAcquireFailure -> false, checkoutTimeout -> 0, connectionCustomizerClassName -> null, connectionTesterClassName -> com.mchange.v2.c3p0.impl.DefaultConnectionTester, contextClassLoaderSource -> caller, dataSourceName -> 1hge13m9pf0yvmvl1f2u6|3c638904, debugUnreturnedConnectionStackTraces -> false, description -> null, driverClass -> com.mysql.jdbc.Driver, extensions -> {}, factoryClassLocation -> null, forceIgnoreUnresolvedTransactions -> false, forceSynchronousCheckins -> false, forceUseNamedDriverClass -> false, identityToken -> 1hge13m9pf0yvmvl1f2u6|3c638904, idleConnectionTestPeriod -> 0, initialPoolSize -> 3, jdbcUrl -> jdbc:mysql://172.17.0.2:3306/ionut, maxAdministrativeTaskTime -> 0, maxConnectionAge -> 0, maxIdleTime -> 10800, maxIdleTimeExcessConnections -> 1800, maxPoolSize -> 15, maxStatements -> 0, maxStatementsPerConnection -> 0, minPoolSize -> 3, numHelperThreads -> 3, preferredTestQuery -> null, privilegeSpawnedThreads -> false, properties -> {user=******, password=******}, propertyCycle -> 0, statementCacheNumDeferredCloseThreads -> 0, testConnectionOnCheckin -> false, testConnectionOnCheckout -> false, unreturnedConnectionTimeout -> 0, userOverrides -> {}, usesTraditionalReflectiveProxies -> false ] 
2017-07-12 12:36:47,292 [main] DEBUG com.mchange.v2.cfg.MConfig - The configuration file for resource identifier '/mchange-commons.properties' could not be found. Skipping. 
2017-07-12 12:36:47,293 [main] DEBUG com.mchange.v2.cfg.MConfig - The configuration file for resource identifier '/mchange-log.properties' could not be found. Skipping. 
2017-07-12 12:36:47,321 [main] DEBUG com.mchange.v2.cfg.MConfig - The configuration file for resource identifier '/c3p0.properties' could not be found. Skipping. 
2017-07-12 12:36:47,332 [main] DEBUG com.mchange.v2.cfg.MConfig - The configuration file for resource identifier 'hocon:/reference,/application,/c3p0,/' could not be found. Skipping. 
2017-07-12 12:36:47,347 [main] DEBUG c.m.v.resourcepool.BasicResourcePool - com.mchange.v2.resourcepool.BasicResourcePool@203737fb config: [start -> 3; min -> 3; max -> 15; inc -> 3; num_acq_attempts -> 30; acq_attempt_delay -> 1000; check_idle_resources_delay -> 0; max_resource_age -> 0; max_idle_time -> 10800000; excess_max_idle_time -> 1800000; destroy_unreturned_resc_time -> 0; expiration_enforcement_delay -> 450000; break_on_acquisition_failure -> false; debug_store_checkout_exceptions -> false; force_synchronous_checkins -> false] 
2017-07-12 12:36:47,355 [main] DEBUG c.m.v.c.i.C3P0PooledConnectionPoolManager - Created new pool for auth, username (masked): 'ro******'. 
2017-07-12 12:36:47,357 [main] DEBUG c.m.v.resourcepool.BasicResourcePool - acquire test -- pool size: 0; target_pool_size: 3; desired target? 1 
2017-07-12 12:36:47,363 [main] DEBUG c.m.v.resourcepool.BasicResourcePool - awaitAvailable(): [unknown] 
2017-07-12 12:37:07,160 [main] DEBUG org.jboss.logging - Logging Provider: org.jboss.logging.Slf4jLoggerProvider 
2017-07-12 12:40:02,278 [MLog-Init-Reporter] INFO  com.mchange.v2.log.MLog - MLog clients using slf4j logging. 
2017-07-12 12:40:02,325 [MLog-Init-Reporter] DEBUG com.mchange.v2.log.MLog - Reading VM config for path list /com/mchange/v2/log/default-mchange-log.properties, /mchange-commons.properties, /c3p0.properties, hocon:/reference,/application,/c3p0,/, /mchange-log.properties, / 
2017-07-12 12:40:02,326 [MLog-Init-Reporter] DEBUG com.mchange.v2.log.MLog - The configuration file for resource identifier '/mchange-commons.properties' could not be found. Skipping. 
2017-07-12 12:40:02,327 [MLog-Init-Reporter] DEBUG com.mchange.v2.log.MLog - The configuration file for resource identifier '/c3p0.properties' could not be found. Skipping. 
2017-07-12 12:40:02,327 [MLog-Init-Reporter] DEBUG com.mchange.v2.log.MLog - The configuration file for resource identifier 'hocon:/reference,/application,/c3p0,/' could not be found. Skipping. 
2017-07-12 12:40:02,327 [MLog-Init-Reporter] DEBUG com.mchange.v2.log.MLog - The configuration file for resource identifier '/mchange-log.properties' could not be found. Skipping. 
2017-07-12 12:40:02,358 [main] DEBUG com.mchange.v2.cfg.MConfig - The configuration file for resource identifier '/mchange-commons.properties' could not be found. Skipping. 
2017-07-12 12:40:02,363 [main] DEBUG com.mchange.v2.cfg.MConfig - The configuration file for resource identifier '/mchange-log.properties' could not be found. Skipping. 
2017-07-12 12:40:02,364 [main] DEBUG com.mchange.v2.cfg.MConfig - The configuration file for resource identifier 'hocon:/reference,/application,/c3p0,/' could not be found. Skipping. 
2017-07-12 12:40:02,364 [main] DEBUG com.mchange.v2.cfg.MConfig - The configuration file for resource identifier '/c3p0.properties' could not be found. Skipping. 
2017-07-12 12:40:12,666 [main] INFO  com.mchange.v2.c3p0.C3P0Registry - Initializing c3p0-0.9.5.2 [built 08-December-2015 22:06:04 -0800; debug? true; trace: 10] 
2017-07-12 12:40:12,789 [main] DEBUG c.m.v.c.m.DynamicPooledDataSourceManagerMBean - MBean: com.mchange.v2.c3p0:type=PooledDataSource,identityToken=1hge13m9pf13arj5n8wxk|553fdf58,name=1hge13m9pf13arj5n8wxk|553fdf58 registered. 
2017-07-12 12:40:12,881 [main] DEBUG c.m.v.c.m.DynamicPooledDataSourceManagerMBean - MBean: com.mchange.v2.c3p0:type=PooledDataSource,identityToken=1hge13m9pf13arj5n8wxk|553fdf58,name=1hge13m9pf13arj5n8wxk|553fdf58 unregistered, in order to be reregistered after update. 
2017-07-12 12:40:12,882 [main] DEBUG c.m.v.c.m.DynamicPooledDataSourceManagerMBean - MBean: com.mchange.v2.c3p0:type=PooledDataSource,identityToken=1hge13m9pf13arj5n8wxk|553fdf58,name=1hge13m9pf13arj5n8wxk|553fdf58 registered. 
2017-07-12 12:40:13,059 [main] INFO  c.m.v.c.i.AbstractPoolBackedDataSource - Initializing c3p0 pool... com.mchange.v2.c3p0.ComboPooledDataSource [ acquireIncrement -> 3, acquireRetryAttempts -> 30, acquireRetryDelay -> 1000, autoCommitOnClose -> false, automaticTestTable -> null, breakAfterAcquireFailure -> false, checkoutTimeout -> 0, connectionCustomizerClassName -> null, connectionTesterClassName -> com.mchange.v2.c3p0.impl.DefaultConnectionTester, contextClassLoaderSource -> caller, dataSourceName -> 1hge13m9pf13arj5n8wxk|553fdf58, debugUnreturnedConnectionStackTraces -> false, description -> null, driverClass -> com.mysql.jdbc.Driver, extensions -> {}, factoryClassLocation -> null, forceIgnoreUnresolvedTransactions -> false, forceSynchronousCheckins -> false, forceUseNamedDriverClass -> false, identityToken -> 1hge13m9pf13arj5n8wxk|553fdf58, idleConnectionTestPeriod -> 0, initialPoolSize -> 3, jdbcUrl -> jdbc:mysql://172.17.0.2:3306/ionut, maxAdministrativeTaskTime -> 0, maxConnectionAge -> 0, maxIdleTime -> 10800, maxIdleTimeExcessConnections -> 1800, maxPoolSize -> 15, maxStatements -> 0, maxStatementsPerConnection -> 0, minPoolSize -> 3, numHelperThreads -> 3, preferredTestQuery -> null, privilegeSpawnedThreads -> false, properties -> {user=******, password=******}, propertyCycle -> 0, statementCacheNumDeferredCloseThreads -> 0, testConnectionOnCheckin -> false, testConnectionOnCheckout -> false, unreturnedConnectionTimeout -> 0, userOverrides -> {}, usesTraditionalReflectiveProxies -> false ] 
2017-07-12 12:40:13,155 [main] DEBUG com.mchange.v2.cfg.MConfig - The configuration file for resource identifier '/mchange-commons.properties' could not be found. Skipping. 
2017-07-12 12:40:13,156 [main] DEBUG com.mchange.v2.cfg.MConfig - The configuration file for resource identifier '/mchange-log.properties' could not be found. Skipping. 
2017-07-12 12:40:13,158 [main] DEBUG com.mchange.v2.cfg.MConfig - The configuration file for resource identifier '/c3p0.properties' could not be found. Skipping. 
2017-07-12 12:40:13,161 [main] DEBUG com.mchange.v2.cfg.MConfig - The configuration file for resource identifier 'hocon:/reference,/application,/c3p0,/' could not be found. Skipping. 
2017-07-12 12:40:13,186 [main] DEBUG c.m.v.resourcepool.BasicResourcePool - com.mchange.v2.resourcepool.BasicResourcePool@f5dd2de config: [start -> 3; min -> 3; max -> 15; inc -> 3; num_acq_attempts -> 30; acq_attempt_delay -> 1000; check_idle_resources_delay -> 0; max_resource_age -> 0; max_idle_time -> 10800000; excess_max_idle_time -> 1800000; destroy_unreturned_resc_time -> 0; expiration_enforcement_delay -> 450000; break_on_acquisition_failure -> false; debug_store_checkout_exceptions -> false; force_synchronous_checkins -> false] 
2017-07-12 12:40:13,191 [main] DEBUG c.m.v.c.i.C3P0PooledConnectionPoolManager - Created new pool for auth, username (masked): 'ro******'. 
2017-07-12 12:40:13,193 [main] DEBUG c.m.v.resourcepool.BasicResourcePool - acquire test -- pool size: 0; target_pool_size: 3; desired target? 1 
2017-07-12 12:40:13,195 [main] DEBUG c.m.v.resourcepool.BasicResourcePool - awaitAvailable(): [unknown] 
2017-07-12 12:40:32,437 [main] DEBUG org.jboss.logging - Logging Provider: org.jboss.logging.Slf4jLoggerProvider 
2017-07-12 12:40:36,281 [main] INFO  guestbook.env - 
-=[guestbook started successfully using the development profile]=- 
2017-07-12 12:40:36,974 [main] INFO  luminus.http-server - starting HTTP server on port 3000 
2017-07-12 12:40:37,303 [main] INFO  org.xnio - XNIO version 3.3.6.Final 
2017-07-12 12:40:37,860 [main] INFO  org.projectodd.wunderboss.web.Web - Registered web context / 
2017-07-12 12:40:37,866 [main] INFO  luminus.repl-server - starting nREPL server on port 7000 
2017-07-12 12:40:37,985 [main] INFO  guestbook.core - #'guestbook.config/env started 
2017-07-12 12:40:37,986 [main] INFO  guestbook.core - #'guestbook.handler/init-app started 
2017-07-12 12:40:37,990 [main] INFO  guestbook.core - #'guestbook.core/http-server started 
2017-07-12 12:40:37,990 [main] INFO  guestbook.core - #'guestbook.core/repl-server started 
2017-07-12 13:02:46,355 [Thread-6] INFO  luminus.repl-server - nREPL server stopped 
2017-07-12 13:02:46,359 [Thread-6] DEBUG org.projectodd.wunderboss.WunderBoss - Returning existing component for org.projectodd.wunderboss.web.Web:-1645144552, ignoring options. 
2017-07-12 13:02:46,382 [Thread-6] INFO  luminus.http-server - HTTP server stopped 
2017-07-12 13:02:46,384 [Thread-6] INFO  guestbook.env - 
-=[guestbook has shut down successfully]=- 
2017-07-12 13:02:46,388 [Thread-6] INFO  guestbook.core - #'guestbook.core/repl-server stopped 
2017-07-12 13:02:46,389 [Thread-6] INFO  guestbook.core - #'guestbook.core/http-server stopped 
2017-07-12 13:02:46,390 [Thread-6] INFO  guestbook.core - #'guestbook.handler/init-app stopped 
2017-07-12 13:03:41,670 [MLog-Init-Reporter] INFO  com.mchange.v2.log.MLog - MLog clients using slf4j logging. 
2017-07-12 13:03:41,697 [MLog-Init-Reporter] DEBUG com.mchange.v2.log.MLog - Reading VM config for path list /com/mchange/v2/log/default-mchange-log.properties, /mchange-commons.properties, /c3p0.properties, hocon:/reference,/application,/c3p0,/, /mchange-log.properties, / 
2017-07-12 13:03:41,701 [MLog-Init-Reporter] DEBUG com.mchange.v2.log.MLog - The configuration file for resource identifier '/mchange-commons.properties' could not be found. Skipping. 
2017-07-12 13:03:41,702 [MLog-Init-Reporter] DEBUG com.mchange.v2.log.MLog - The configuration file for resource identifier '/c3p0.properties' could not be found. Skipping. 
2017-07-12 13:03:41,707 [MLog-Init-Reporter] DEBUG com.mchange.v2.log.MLog - The configuration file for resource identifier 'hocon:/reference,/application,/c3p0,/' could not be found. Skipping. 
2017-07-12 13:03:41,707 [main] DEBUG com.mchange.v2.cfg.MConfig - The configuration file for resource identifier '/mchange-commons.properties' could not be found. Skipping. 
2017-07-12 13:03:41,712 [MLog-Init-Reporter] DEBUG com.mchange.v2.log.MLog - The configuration file for resource identifier '/mchange-log.properties' could not be found. Skipping. 
2017-07-12 13:03:41,718 [main] DEBUG com.mchange.v2.cfg.MConfig - The configuration file for resource identifier '/mchange-log.properties' could not be found. Skipping. 
2017-07-12 13:03:41,728 [main] DEBUG com.mchange.v2.cfg.MConfig - The configuration file for resource identifier 'hocon:/reference,/application,/c3p0,/' could not be found. Skipping. 
2017-07-12 13:03:41,729 [main] DEBUG com.mchange.v2.cfg.MConfig - The configuration file for resource identifier '/c3p0.properties' could not be found. Skipping. 
2017-07-12 13:03:41,917 [main] INFO  com.mchange.v2.c3p0.C3P0Registry - Initializing c3p0-0.9.5.2 [built 08-December-2015 22:06:04 -0800; debug? true; trace: 10] 
2017-07-12 13:03:41,991 [main] DEBUG c.m.v.c.m.DynamicPooledDataSourceManagerMBean - MBean: com.mchange.v2.c3p0:type=PooledDataSource,identityToken=1hge13m9pf1xi7d1ocx172|43f1a188,name=1hge13m9pf1xi7d1ocx172|43f1a188 registered. 
2017-07-12 13:03:42,068 [main] DEBUG c.m.v.c.m.DynamicPooledDataSourceManagerMBean - MBean: com.mchange.v2.c3p0:type=PooledDataSource,identityToken=1hge13m9pf1xi7d1ocx172|43f1a188,name=1hge13m9pf1xi7d1ocx172|43f1a188 unregistered, in order to be reregistered after update. 
2017-07-12 13:03:42,069 [main] DEBUG c.m.v.c.m.DynamicPooledDataSourceManagerMBean - MBean: com.mchange.v2.c3p0:type=PooledDataSource,identityToken=1hge13m9pf1xi7d1ocx172|43f1a188,name=1hge13m9pf1xi7d1ocx172|43f1a188 registered. 
2017-07-12 13:03:42,190 [main] INFO  c.m.v.c.i.AbstractPoolBackedDataSource - Initializing c3p0 pool... com.mchange.v2.c3p0.ComboPooledDataSource [ acquireIncrement -> 3, acquireRetryAttempts -> 30, acquireRetryDelay -> 1000, autoCommitOnClose -> false, automaticTestTable -> null, breakAfterAcquireFailure -> false, checkoutTimeout -> 0, connectionCustomizerClassName -> null, connectionTesterClassName -> com.mchange.v2.c3p0.impl.DefaultConnectionTester, contextClassLoaderSource -> caller, dataSourceName -> 1hge13m9pf1xi7d1ocx172|43f1a188, debugUnreturnedConnectionStackTraces -> false, description -> null, driverClass -> com.mysql.jdbc.Driver, extensions -> {}, factoryClassLocation -> null, forceIgnoreUnresolvedTransactions -> false, forceSynchronousCheckins -> false, forceUseNamedDriverClass -> false, identityToken -> 1hge13m9pf1xi7d1ocx172|43f1a188, idleConnectionTestPeriod -> 0, initialPoolSize -> 3, jdbcUrl -> jdbc:mysql://172.17.0.2:3306/ionut, maxAdministrativeTaskTime -> 0, maxConnectionAge -> 0, maxIdleTime -> 10800, maxIdleTimeExcessConnections -> 1800, maxPoolSize -> 15, maxStatements -> 0, maxStatementsPerConnection -> 0, minPoolSize -> 3, numHelperThreads -> 3, preferredTestQuery -> null, privilegeSpawnedThreads -> false, properties -> {user=******, password=******}, propertyCycle -> 0, statementCacheNumDeferredCloseThreads -> 0, testConnectionOnCheckin -> false, testConnectionOnCheckout -> false, unreturnedConnectionTimeout -> 0, userOverrides -> {}, usesTraditionalReflectiveProxies -> false ] 
2017-07-12 13:03:42,239 [main] DEBUG com.mchange.v2.cfg.MConfig - The configuration file for resource identifier '/mchange-commons.properties' could not be found. Skipping. 
2017-07-12 13:03:42,240 [main] DEBUG com.mchange.v2.cfg.MConfig - The configuration file for resource identifier '/mchange-log.properties' could not be found. Skipping. 
2017-07-12 13:03:42,241 [main] DEBUG com.mchange.v2.cfg.MConfig - The configuration file for resource identifier '/c3p0.properties' could not be found. Skipping. 
2017-07-12 13:03:42,241 [main] DEBUG com.mchange.v2.cfg.MConfig - The configuration file for resource identifier 'hocon:/reference,/application,/c3p0,/' could not be found. Skipping. 
2017-07-12 13:03:42,249 [main] DEBUG c.m.v.resourcepool.BasicResourcePool - com.mchange.v2.resourcepool.BasicResourcePool@5ce3ae71 config: [start -> 3; min -> 3; max -> 15; inc -> 3; num_acq_attempts -> 30; acq_attempt_delay -> 1000; check_idle_resources_delay -> 0; max_resource_age -> 0; max_idle_time -> 10800000; excess_max_idle_time -> 1800000; destroy_unreturned_resc_time -> 0; expiration_enforcement_delay -> 450000; break_on_acquisition_failure -> false; debug_store_checkout_exceptions -> false; force_synchronous_checkins -> false] 
2017-07-12 13:03:42,256 [main] DEBUG c.m.v.c.i.C3P0PooledConnectionPoolManager - Created new pool for auth, username (masked): 'ro******'. 
2017-07-12 13:03:42,257 [main] DEBUG c.m.v.resourcepool.BasicResourcePool - acquire test -- pool size: 0; target_pool_size: 3; desired target? 1 
2017-07-12 13:03:42,258 [main] DEBUG c.m.v.resourcepool.BasicResourcePool - awaitAvailable(): [unknown] 
2017-07-12 13:03:55,640 [main] DEBUG org.jboss.logging - Logging Provider: org.jboss.logging.Slf4jLoggerProvider 
2017-07-12 13:15:16,710 [MLog-Init-Reporter] INFO  com.mchange.v2.log.MLog - MLog clients using slf4j logging. 
2017-07-12 13:15:16,785 [MLog-Init-Reporter] DEBUG com.mchange.v2.log.MLog - Reading VM config for path list /com/mchange/v2/log/default-mchange-log.properties, /mchange-commons.properties, /c3p0.properties, hocon:/reference,/application,/c3p0,/, /mchange-log.properties, / 
2017-07-12 13:15:16,787 [MLog-Init-Reporter] DEBUG com.mchange.v2.log.MLog - The configuration file for resource identifier '/mchange-commons.properties' could not be found. Skipping. 
2017-07-12 13:15:16,787 [MLog-Init-Reporter] DEBUG com.mchange.v2.log.MLog - The configuration file for resource identifier '/c3p0.properties' could not be found. Skipping. 
2017-07-12 13:15:16,789 [MLog-Init-Reporter] DEBUG com.mchange.v2.log.MLog - The configuration file for resource identifier 'hocon:/reference,/application,/c3p0,/' could not be found. Skipping. 
2017-07-12 13:15:16,790 [MLog-Init-Reporter] DEBUG com.mchange.v2.log.MLog - The configuration file for resource identifier '/mchange-log.properties' could not be found. Skipping. 
2017-07-12 13:15:16,851 [main] DEBUG com.mchange.v2.cfg.MConfig - The configuration file for resource identifier '/mchange-commons.properties' could not be found. Skipping. 
2017-07-12 13:15:16,865 [main] DEBUG com.mchange.v2.cfg.MConfig - The configuration file for resource identifier '/mchange-log.properties' could not be found. Skipping. 
2017-07-12 13:15:16,866 [main] DEBUG com.mchange.v2.cfg.MConfig - The configuration file for resource identifier 'hocon:/reference,/application,/c3p0,/' could not be found. Skipping. 
2017-07-12 13:15:16,867 [main] DEBUG com.mchange.v2.cfg.MConfig - The configuration file for resource identifier '/c3p0.properties' could not be found. Skipping. 
2017-07-12 13:15:17,511 [main] INFO  com.mchange.v2.c3p0.C3P0Registry - Initializing c3p0-0.9.5.2 [built 08-December-2015 22:06:04 -0800; debug? true; trace: 10] 
2017-07-12 13:15:17,740 [main] DEBUG c.m.v.c.m.DynamicPooledDataSourceManagerMBean - MBean: com.mchange.v2.c3p0:type=PooledDataSource,identityToken=1hge13m9pf2centfx4jcv|43f1a188,name=1hge13m9pf2centfx4jcv|43f1a188 registered. 
2017-07-12 13:15:17,914 [main] DEBUG c.m.v.c.m.DynamicPooledDataSourceManagerMBean - MBean: com.mchange.v2.c3p0:type=PooledDataSource,identityToken=1hge13m9pf2centfx4jcv|43f1a188,name=1hge13m9pf2centfx4jcv|43f1a188 unregistered, in order to be reregistered after update. 
2017-07-12 13:15:17,915 [main] DEBUG c.m.v.c.m.DynamicPooledDataSourceManagerMBean - MBean: com.mchange.v2.c3p0:type=PooledDataSource,identityToken=1hge13m9pf2centfx4jcv|43f1a188,name=1hge13m9pf2centfx4jcv|43f1a188 registered. 
2017-07-12 13:15:18,143 [main] INFO  c.m.v.c.i.AbstractPoolBackedDataSource - Initializing c3p0 pool... com.mchange.v2.c3p0.ComboPooledDataSource [ acquireIncrement -> 3, acquireRetryAttempts -> 30, acquireRetryDelay -> 1000, autoCommitOnClose -> false, automaticTestTable -> null, breakAfterAcquireFailure -> false, checkoutTimeout -> 0, connectionCustomizerClassName -> null, connectionTesterClassName -> com.mchange.v2.c3p0.impl.DefaultConnectionTester, contextClassLoaderSource -> caller, dataSourceName -> 1hge13m9pf2centfx4jcv|43f1a188, debugUnreturnedConnectionStackTraces -> false, description -> null, driverClass -> com.mysql.jdbc.Driver, extensions -> {}, factoryClassLocation -> null, forceIgnoreUnresolvedTransactions -> false, forceSynchronousCheckins -> false, forceUseNamedDriverClass -> false, identityToken -> 1hge13m9pf2centfx4jcv|43f1a188, idleConnectionTestPeriod -> 0, initialPoolSize -> 3, jdbcUrl -> jdbc:mysql://172.17.0.2:3306/ionut, maxAdministrativeTaskTime -> 0, maxConnectionAge -> 0, maxIdleTime -> 10800, maxIdleTimeExcessConnections -> 1800, maxPoolSize -> 15, maxStatements -> 0, maxStatementsPerConnection -> 0, minPoolSize -> 3, numHelperThreads -> 3, preferredTestQuery -> null, privilegeSpawnedThreads -> false, properties -> {user=******, password=******}, propertyCycle -> 0, statementCacheNumDeferredCloseThreads -> 0, testConnectionOnCheckin -> false, testConnectionOnCheckout -> false, unreturnedConnectionTimeout -> 0, userOverrides -> {}, usesTraditionalReflectiveProxies -> false ] 
2017-07-12 13:15:18,237 [main] DEBUG com.mchange.v2.cfg.MConfig - The configuration file for resource identifier '/mchange-commons.properties' could not be found. Skipping. 
2017-07-12 13:15:18,238 [main] DEBUG com.mchange.v2.cfg.MConfig - The configuration file for resource identifier '/mchange-log.properties' could not be found. Skipping. 
2017-07-12 13:15:18,251 [main] DEBUG com.mchange.v2.cfg.MConfig - The configuration file for resource identifier '/c3p0.properties' could not be found. Skipping. 
2017-07-12 13:15:18,253 [main] DEBUG com.mchange.v2.cfg.MConfig - The configuration file for resource identifier 'hocon:/reference,/application,/c3p0,/' could not be found. Skipping. 
2017-07-12 13:15:18,280 [main] DEBUG c.m.v.resourcepool.BasicResourcePool - com.mchange.v2.resourcepool.BasicResourcePool@5ce3ae71 config: [start -> 3; min -> 3; max -> 15; inc -> 3; num_acq_attempts -> 30; acq_attempt_delay -> 1000; check_idle_resources_delay -> 0; max_resource_age -> 0; max_idle_time -> 10800000; excess_max_idle_time -> 1800000; destroy_unreturned_resc_time -> 0; expiration_enforcement_delay -> 450000; break_on_acquisition_failure -> false; debug_store_checkout_exceptions -> false; force_synchronous_checkins -> false] 
2017-07-12 13:15:18,282 [main] DEBUG c.m.v.c.i.C3P0PooledConnectionPoolManager - Created new pool for auth, username (masked): 'ro******'. 
2017-07-12 13:15:18,285 [main] DEBUG c.m.v.resourcepool.BasicResourcePool - acquire test -- pool size: 0; target_pool_size: 3; desired target? 1 
2017-07-12 13:15:18,292 [main] DEBUG c.m.v.resourcepool.BasicResourcePool - awaitAvailable(): [unknown] 
2017-07-12 13:15:38,818 [main] DEBUG org.jboss.logging - Logging Provider: org.jboss.logging.Slf4jLoggerProvider 
2017-07-12 13:21:53,385 [MLog-Init-Reporter] INFO  com.mchange.v2.log.MLog - MLog clients using slf4j logging. 
2017-07-12 13:21:53,443 [MLog-Init-Reporter] DEBUG com.mchange.v2.log.MLog - Reading VM config for path list /com/mchange/v2/log/default-mchange-log.properties, /mchange-commons.properties, /c3p0.properties, hocon:/reference,/application,/c3p0,/, /mchange-log.properties, / 
2017-07-12 13:21:53,444 [MLog-Init-Reporter] DEBUG com.mchange.v2.log.MLog - The configuration file for resource identifier '/mchange-commons.properties' could not be found. Skipping. 
2017-07-12 13:21:53,444 [MLog-Init-Reporter] DEBUG com.mchange.v2.log.MLog - The configuration file for resource identifier '/c3p0.properties' could not be found. Skipping. 
2017-07-12 13:21:53,444 [MLog-Init-Reporter] DEBUG com.mchange.v2.log.MLog - The configuration file for resource identifier 'hocon:/reference,/application,/c3p0,/' could not be found. Skipping. 
2017-07-12 13:21:53,445 [MLog-Init-Reporter] DEBUG com.mchange.v2.log.MLog - The configuration file for resource identifier '/mchange-log.properties' could not be found. Skipping. 
2017-07-12 13:21:53,488 [main] DEBUG com.mchange.v2.cfg.MConfig - The configuration file for resource identifier '/mchange-commons.properties' could not be found. Skipping. 
2017-07-12 13:21:53,495 [main] DEBUG com.mchange.v2.cfg.MConfig - The configuration file for resource identifier '/mchange-log.properties' could not be found. Skipping. 
2017-07-12 13:21:53,495 [main] DEBUG com.mchange.v2.cfg.MConfig - The configuration file for resource identifier 'hocon:/reference,/application,/c3p0,/' could not be found. Skipping. 
2017-07-12 13:21:53,496 [main] DEBUG com.mchange.v2.cfg.MConfig - The configuration file for resource identifier '/c3p0.properties' could not be found. Skipping. 
2017-07-12 13:21:53,867 [main] INFO  com.mchange.v2.c3p0.C3P0Registry - Initializing c3p0-0.9.5.2 [built 08-December-2015 22:06:04 -0800; debug? true; trace: 10] 
2017-07-12 13:21:53,982 [main] DEBUG c.m.v.c.m.DynamicPooledDataSourceManagerMBean - MBean: com.mchange.v2.c3p0:type=PooledDataSource,identityToken=1hge13m9pf2kwne1i4ksbk|43f1a188,name=1hge13m9pf2kwne1i4ksbk|43f1a188 registered. 
2017-07-12 13:21:54,119 [main] DEBUG c.m.v.c.m.DynamicPooledDataSourceManagerMBean - MBean: com.mchange.v2.c3p0:type=PooledDataSource,identityToken=1hge13m9pf2kwne1i4ksbk|43f1a188,name=1hge13m9pf2kwne1i4ksbk|43f1a188 unregistered, in order to be reregistered after update. 
2017-07-12 13:21:54,120 [main] DEBUG c.m.v.c.m.DynamicPooledDataSourceManagerMBean - MBean: com.mchange.v2.c3p0:type=PooledDataSource,identityToken=1hge13m9pf2kwne1i4ksbk|43f1a188,name=1hge13m9pf2kwne1i4ksbk|43f1a188 registered. 
2017-07-12 13:21:54,393 [main] INFO  c.m.v.c.i.AbstractPoolBackedDataSource - Initializing c3p0 pool... com.mchange.v2.c3p0.ComboPooledDataSource [ acquireIncrement -> 3, acquireRetryAttempts -> 30, acquireRetryDelay -> 1000, autoCommitOnClose -> false, automaticTestTable -> null, breakAfterAcquireFailure -> false, checkoutTimeout -> 0, connectionCustomizerClassName -> null, connectionTesterClassName -> com.mchange.v2.c3p0.impl.DefaultConnectionTester, contextClassLoaderSource -> caller, dataSourceName -> 1hge13m9pf2kwne1i4ksbk|43f1a188, debugUnreturnedConnectionStackTraces -> false, description -> null, driverClass -> com.mysql.jdbc.Driver, extensions -> {}, factoryClassLocation -> null, forceIgnoreUnresolvedTransactions -> false, forceSynchronousCheckins -> false, forceUseNamedDriverClass -> false, identityToken -> 1hge13m9pf2kwne1i4ksbk|43f1a188, idleConnectionTestPeriod -> 0, initialPoolSize -> 3, jdbcUrl -> jdbc:mysql://172.17.0.2:3306/ionut, maxAdministrativeTaskTime -> 0, maxConnectionAge -> 0, maxIdleTime -> 10800, maxIdleTimeExcessConnections -> 1800, maxPoolSize -> 15, maxStatements -> 0, maxStatementsPerConnection -> 0, minPoolSize -> 3, numHelperThreads -> 3, preferredTestQuery -> null, privilegeSpawnedThreads -> false, properties -> {user=******, password=******}, propertyCycle -> 0, statementCacheNumDeferredCloseThreads -> 0, testConnectionOnCheckin -> false, testConnectionOnCheckout -> false, unreturnedConnectionTimeout -> 0, userOverrides -> {}, usesTraditionalReflectiveProxies -> false ] 
2017-07-12 13:21:54,496 [main] DEBUG com.mchange.v2.cfg.MConfig - The configuration file for resource identifier '/mchange-commons.properties' could not be found. Skipping. 
2017-07-12 13:21:54,497 [main] DEBUG com.mchange.v2.cfg.MConfig - The configuration file for resource identifier '/mchange-log.properties' could not be found. Skipping. 
2017-07-12 13:21:54,499 [main] DEBUG com.mchange.v2.cfg.MConfig - The configuration file for resource identifier '/c3p0.properties' could not be found. Skipping. 
2017-07-12 13:21:54,501 [main] DEBUG com.mchange.v2.cfg.MConfig - The configuration file for resource identifier 'hocon:/reference,/application,/c3p0,/' could not be found. Skipping. 
2017-07-12 13:21:54,518 [main] DEBUG c.m.v.resourcepool.BasicResourcePool - com.mchange.v2.resourcepool.BasicResourcePool@5ce3ae71 config: [start -> 3; min -> 3; max -> 15; inc -> 3; num_acq_attempts -> 30; acq_attempt_delay -> 1000; check_idle_resources_delay -> 0; max_resource_age -> 0; max_idle_time -> 10800000; excess_max_idle_time -> 1800000; destroy_unreturned_resc_time -> 0; expiration_enforcement_delay -> 450000; break_on_acquisition_failure -> false; debug_store_checkout_exceptions -> false; force_synchronous_checkins -> false] 
2017-07-12 13:21:54,524 [main] DEBUG c.m.v.c.i.C3P0PooledConnectionPoolManager - Created new pool for auth, username (masked): 'ro******'. 
2017-07-12 13:21:54,525 [main] DEBUG c.m.v.resourcepool.BasicResourcePool - acquire test -- pool size: 0; target_pool_size: 3; desired target? 1 
2017-07-12 13:21:54,526 [main] DEBUG c.m.v.resourcepool.BasicResourcePool - awaitAvailable(): [unknown] 
2017-07-12 13:22:15,128 [main] DEBUG org.jboss.logging - Logging Provider: org.jboss.logging.Slf4jLoggerProvider 
2017-07-12 13:25:55,591 [MLog-Init-Reporter] INFO  com.mchange.v2.log.MLog - MLog clients using slf4j logging. 
2017-07-12 13:25:55,677 [MLog-Init-Reporter] DEBUG com.mchange.v2.log.MLog - Reading VM config for path list /com/mchange/v2/log/default-mchange-log.properties, /mchange-commons.properties, /c3p0.properties, hocon:/reference,/application,/c3p0,/, /mchange-log.properties, / 
2017-07-12 13:25:55,681 [MLog-Init-Reporter] DEBUG com.mchange.v2.log.MLog - The configuration file for resource identifier '/mchange-commons.properties' could not be found. Skipping. 
2017-07-12 13:25:55,687 [MLog-Init-Reporter] DEBUG com.mchange.v2.log.MLog - The configuration file for resource identifier '/c3p0.properties' could not be found. Skipping. 
2017-07-12 13:25:55,690 [MLog-Init-Reporter] DEBUG com.mchange.v2.log.MLog - The configuration file for resource identifier 'hocon:/reference,/application,/c3p0,/' could not be found. Skipping. 
2017-07-12 13:25:55,697 [MLog-Init-Reporter] DEBUG com.mchange.v2.log.MLog - The configuration file for resource identifier '/mchange-log.properties' could not be found. Skipping. 
2017-07-12 13:25:55,693 [main] DEBUG com.mchange.v2.cfg.MConfig - The configuration file for resource identifier '/mchange-commons.properties' could not be found. Skipping. 
2017-07-12 13:25:55,710 [main] DEBUG com.mchange.v2.cfg.MConfig - The configuration file for resource identifier '/mchange-log.properties' could not be found. Skipping. 
2017-07-12 13:25:55,710 [main] DEBUG com.mchange.v2.cfg.MConfig - The configuration file for resource identifier 'hocon:/reference,/application,/c3p0,/' could not be found. Skipping. 
2017-07-12 13:25:55,711 [main] DEBUG com.mchange.v2.cfg.MConfig - The configuration file for resource identifier '/c3p0.properties' could not be found. Skipping. 
2017-07-12 13:25:55,993 [main] INFO  com.mchange.v2.c3p0.C3P0Registry - Initializing c3p0-0.9.5.2 [built 08-December-2015 22:06:04 -0800; debug? true; trace: 10] 
2017-07-12 13:25:56,083 [main] DEBUG c.m.v.c.m.DynamicPooledDataSourceManagerMBean - MBean: com.mchange.v2.c3p0:type=PooledDataSource,identityToken=1hge13m9pf2q3jkbko8l5|553fdf58,name=1hge13m9pf2q3jkbko8l5|553fdf58 registered. 
2017-07-12 13:25:56,193 [main] DEBUG c.m.v.c.m.DynamicPooledDataSourceManagerMBean - MBean: com.mchange.v2.c3p0:type=PooledDataSource,identityToken=1hge13m9pf2q3jkbko8l5|553fdf58,name=1hge13m9pf2q3jkbko8l5|553fdf58 unregistered, in order to be reregistered after update. 
2017-07-12 13:25:56,194 [main] DEBUG c.m.v.c.m.DynamicPooledDataSourceManagerMBean - MBean: com.mchange.v2.c3p0:type=PooledDataSource,identityToken=1hge13m9pf2q3jkbko8l5|553fdf58,name=1hge13m9pf2q3jkbko8l5|553fdf58 registered. 
2017-07-12 13:25:56,362 [main] INFO  c.m.v.c.i.AbstractPoolBackedDataSource - Initializing c3p0 pool... com.mchange.v2.c3p0.ComboPooledDataSource [ acquireIncrement -> 3, acquireRetryAttempts -> 30, acquireRetryDelay -> 1000, autoCommitOnClose -> false, automaticTestTable -> null, breakAfterAcquireFailure -> false, checkoutTimeout -> 0, connectionCustomizerClassName -> null, connectionTesterClassName -> com.mchange.v2.c3p0.impl.DefaultConnectionTester, contextClassLoaderSource -> caller, dataSourceName -> 1hge13m9pf2q3jkbko8l5|553fdf58, debugUnreturnedConnectionStackTraces -> false, description -> null, driverClass -> com.mysql.jdbc.Driver, extensions -> {}, factoryClassLocation -> null, forceIgnoreUnresolvedTransactions -> false, forceSynchronousCheckins -> false, forceUseNamedDriverClass -> false, identityToken -> 1hge13m9pf2q3jkbko8l5|553fdf58, idleConnectionTestPeriod -> 0, initialPoolSize -> 3, jdbcUrl -> jdbc:mysql://172.17.0.2:3306/ionut, maxAdministrativeTaskTime -> 0, maxConnectionAge -> 0, maxIdleTime -> 10800, maxIdleTimeExcessConnections -> 1800, maxPoolSize -> 15, maxStatements -> 0, maxStatementsPerConnection -> 0, minPoolSize -> 3, numHelperThreads -> 3, preferredTestQuery -> null, privilegeSpawnedThreads -> false, properties -> {user=******, password=******}, propertyCycle -> 0, statementCacheNumDeferredCloseThreads -> 0, testConnectionOnCheckin -> false, testConnectionOnCheckout -> false, unreturnedConnectionTimeout -> 0, userOverrides -> {}, usesTraditionalReflectiveProxies -> false ] 
2017-07-12 13:25:56,416 [main] DEBUG com.mchange.v2.cfg.MConfig - The configuration file for resource identifier '/mchange-commons.properties' could not be found. Skipping. 
2017-07-12 13:25:56,417 [main] DEBUG com.mchange.v2.cfg.MConfig - The configuration file for resource identifier '/mchange-log.properties' could not be found. Skipping. 
2017-07-12 13:25:56,419 [main] DEBUG com.mchange.v2.cfg.MConfig - The configuration file for resource identifier '/c3p0.properties' could not be found. Skipping. 
2017-07-12 13:25:56,420 [main] DEBUG com.mchange.v2.cfg.MConfig - The configuration file for resource identifier 'hocon:/reference,/application,/c3p0,/' could not be found. Skipping. 
2017-07-12 13:25:56,432 [main] DEBUG c.m.v.resourcepool.BasicResourcePool - com.mchange.v2.resourcepool.BasicResourcePool@f5dd2de config: [start -> 3; min -> 3; max -> 15; inc -> 3; num_acq_attempts -> 30; acq_attempt_delay -> 1000; check_idle_resources_delay -> 0; max_resource_age -> 0; max_idle_time -> 10800000; excess_max_idle_time -> 1800000; destroy_unreturned_resc_time -> 0; expiration_enforcement_delay -> 450000; break_on_acquisition_failure -> false; debug_store_checkout_exceptions -> false; force_synchronous_checkins -> false] 
2017-07-12 13:25:56,444 [main] DEBUG c.m.v.c.i.C3P0PooledConnectionPoolManager - Created new pool for auth, username (masked): 'ro******'. 
2017-07-12 13:25:56,451 [main] DEBUG c.m.v.resourcepool.BasicResourcePool - acquire test -- pool size: 0; target_pool_size: 3; desired target? 1 
2017-07-12 13:25:56,453 [main] DEBUG c.m.v.resourcepool.BasicResourcePool - awaitAvailable(): [unknown] 
2017-07-12 13:26:15,379 [main] DEBUG org.jboss.logging - Logging Provider: org.jboss.logging.Slf4jLoggerProvider 
2017-07-12 13:26:18,779 [main] INFO  guestbook.env - 
-=[guestbook started successfully using the development profile]=- 
2017-07-12 13:26:19,456 [main] INFO  luminus.http-server - starting HTTP server on port 3000 
2017-07-12 13:26:19,632 [main] INFO  org.xnio - XNIO version 3.3.6.Final 
2017-07-12 13:26:19,943 [main] INFO  org.projectodd.wunderboss.web.Web - Registered web context / 
2017-07-12 13:26:19,949 [main] INFO  luminus.repl-server - starting nREPL server on port 7000 
2017-07-12 13:26:20,009 [main] INFO  guestbook.core - #'guestbook.config/env started 
2017-07-12 13:26:20,011 [main] INFO  guestbook.core - #'guestbook.handler/init-app started 
2017-07-12 13:26:20,012 [main] INFO  guestbook.core - #'guestbook.core/http-server started 
2017-07-12 13:26:20,014 [main] INFO  guestbook.core - #'guestbook.core/repl-server started 
