2017-06-30 07:58:37,267 [MLog-Init-Reporter] INFO  com.mchange.v2.log.MLog - MLog clients using slf4j logging. 
2017-06-30 07:58:37,385 [main] DEBUG com.mchange.v2.cfg.MConfig - The configuration file for resource identifier '/mchange-commons.properties' could not be found. Skipping. 
2017-06-30 07:58:37,461 [MLog-Init-Reporter] DEBUG com.mchange.v2.log.MLog - Reading VM config for path list /com/mchange/v2/log/default-mchange-log.properties, /mchange-commons.properties, /c3p0.properties, hocon:/reference,/application,/c3p0,/, /mchange-log.properties, / 
2017-06-30 07:58:37,469 [main] DEBUG com.mchange.v2.cfg.MConfig - The configuration file for resource identifier '/mchange-log.properties' could not be found. Skipping. 
2017-06-30 07:58:37,470 [MLog-Init-Reporter] DEBUG com.mchange.v2.log.MLog - The configuration file for resource identifier '/mchange-commons.properties' could not be found. Skipping. 
2017-06-30 07:58:37,477 [main] DEBUG com.mchange.v2.cfg.MConfig - The configuration file for resource identifier 'hocon:/reference,/application,/c3p0,/' could not be found. Skipping. 
2017-06-30 07:58:37,479 [MLog-Init-Reporter] DEBUG com.mchange.v2.log.MLog - The configuration file for resource identifier '/c3p0.properties' could not be found. Skipping. 
2017-06-30 07:58:37,479 [main] DEBUG com.mchange.v2.cfg.MConfig - The configuration file for resource identifier '/c3p0.properties' could not be found. Skipping. 
2017-06-30 07:58:37,481 [MLog-Init-Reporter] DEBUG com.mchange.v2.log.MLog - The configuration file for resource identifier 'hocon:/reference,/application,/c3p0,/' could not be found. Skipping. 
2017-06-30 07:58:37,487 [MLog-Init-Reporter] DEBUG com.mchange.v2.log.MLog - The configuration file for resource identifier '/mchange-log.properties' could not be found. Skipping. 
2017-06-30 07:58:37,855 [main] INFO  com.mchange.v2.c3p0.C3P0Registry - Initializing c3p0-0.9.5.2 [built 08-December-2015 22:06:04 -0800; debug? true; trace: 10] 
2017-06-30 07:58:37,927 [main] DEBUG c.m.v.c.m.DynamicPooledDataSourceManagerMBean - MBean: com.mchange.v2.c3p0:type=PooledDataSource,identityToken=1hge13m9o1wmv0jm1y7taxv|77cac3b,name=1hge13m9o1wmv0jm1y7taxv|77cac3b registered. 
2017-06-30 07:58:38,043 [main] DEBUG c.m.v.c.m.DynamicPooledDataSourceManagerMBean - MBean: com.mchange.v2.c3p0:type=PooledDataSource,identityToken=1hge13m9o1wmv0jm1y7taxv|77cac3b,name=1hge13m9o1wmv0jm1y7taxv|77cac3b unregistered, in order to be reregistered after update. 
2017-06-30 07:58:38,044 [main] DEBUG c.m.v.c.m.DynamicPooledDataSourceManagerMBean - MBean: com.mchange.v2.c3p0:type=PooledDataSource,identityToken=1hge13m9o1wmv0jm1y7taxv|77cac3b,name=1hge13m9o1wmv0jm1y7taxv|77cac3b registered. 
2017-06-30 07:58:38,143 [main] INFO  c.m.v.c.i.AbstractPoolBackedDataSource - Initializing c3p0 pool... com.mchange.v2.c3p0.ComboPooledDataSource [ acquireIncrement -> 3, acquireRetryAttempts -> 30, acquireRetryDelay -> 1000, autoCommitOnClose -> false, automaticTestTable -> null, breakAfterAcquireFailure -> false, checkoutTimeout -> 0, connectionCustomizerClassName -> null, connectionTesterClassName -> com.mchange.v2.c3p0.impl.DefaultConnectionTester, contextClassLoaderSource -> caller, dataSourceName -> 1hge13m9o1wmv0jm1y7taxv|77cac3b, debugUnreturnedConnectionStackTraces -> false, description -> null, driverClass -> com.mysql.jdbc.Driver, extensions -> {}, factoryClassLocation -> null, forceIgnoreUnresolvedTransactions -> false, forceSynchronousCheckins -> false, forceUseNamedDriverClass -> false, identityToken -> 1hge13m9o1wmv0jm1y7taxv|77cac3b, idleConnectionTestPeriod -> 0, initialPoolSize -> 3, jdbcUrl -> jdbc:mysql://172.17.0.2:3306/ionut, maxAdministrativeTaskTime -> 0, maxConnectionAge -> 0, maxIdleTime -> 10800, maxIdleTimeExcessConnections -> 1800, maxPoolSize -> 15, maxStatements -> 0, maxStatementsPerConnection -> 0, minPoolSize -> 3, numHelperThreads -> 3, preferredTestQuery -> null, privilegeSpawnedThreads -> false, properties -> {user=******, password=******}, propertyCycle -> 0, statementCacheNumDeferredCloseThreads -> 0, testConnectionOnCheckin -> false, testConnectionOnCheckout -> false, unreturnedConnectionTimeout -> 0, userOverrides -> {}, usesTraditionalReflectiveProxies -> false ] 
2017-06-30 07:58:38,186 [main] DEBUG com.mchange.v2.cfg.MConfig - The configuration file for resource identifier '/mchange-commons.properties' could not be found. Skipping. 
2017-06-30 07:58:38,187 [main] DEBUG com.mchange.v2.cfg.MConfig - The configuration file for resource identifier '/mchange-log.properties' could not be found. Skipping. 
2017-06-30 07:58:38,187 [main] DEBUG com.mchange.v2.cfg.MConfig - The configuration file for resource identifier '/c3p0.properties' could not be found. Skipping. 
2017-06-30 07:58:38,187 [main] DEBUG com.mchange.v2.cfg.MConfig - The configuration file for resource identifier 'hocon:/reference,/application,/c3p0,/' could not be found. Skipping. 
2017-06-30 07:58:38,191 [main] DEBUG c.m.v.resourcepool.BasicResourcePool - com.mchange.v2.resourcepool.BasicResourcePool@48c63936 config: [start -> 3; min -> 3; max -> 15; inc -> 3; num_acq_attempts -> 30; acq_attempt_delay -> 1000; check_idle_resources_delay -> 0; max_resource_age -> 0; max_idle_time -> 10800000; excess_max_idle_time -> 1800000; destroy_unreturned_resc_time -> 0; expiration_enforcement_delay -> 450000; break_on_acquisition_failure -> false; debug_store_checkout_exceptions -> false; force_synchronous_checkins -> false] 
2017-06-30 07:58:38,193 [main] DEBUG c.m.v.c.i.C3P0PooledConnectionPoolManager - Created new pool for auth, username (masked): 'ro******'. 
2017-06-30 07:58:38,194 [main] DEBUG c.m.v.resourcepool.BasicResourcePool - acquire test -- pool size: 0; target_pool_size: 3; desired target? 1 
2017-06-30 07:58:38,195 [main] DEBUG c.m.v.resourcepool.BasicResourcePool - awaitAvailable(): [unknown] 
2017-06-30 07:58:39,697 [main] DEBUG c.m.v.c.m.DynamicPooledDataSourceManagerMBean - MBean: com.mchange.v2.c3p0:type=PooledDataSource,identityToken=1hge13m9o1wmv0jm1y7taxv|24537e30,name=1hge13m9o1wmv0jm1y7taxv|24537e30 registered. 
2017-06-30 07:58:39,738 [main] DEBUG c.m.v.c.m.DynamicPooledDataSourceManagerMBean - MBean: com.mchange.v2.c3p0:type=PooledDataSource,identityToken=1hge13m9o1wmv0jm1y7taxv|24537e30,name=1hge13m9o1wmv0jm1y7taxv|24537e30 unregistered, in order to be reregistered after update. 
2017-06-30 07:58:39,739 [main] DEBUG c.m.v.c.m.DynamicPooledDataSourceManagerMBean - MBean: com.mchange.v2.c3p0:type=PooledDataSource,identityToken=1hge13m9o1wmv0jm1y7taxv|24537e30,name=1hge13m9o1wmv0jm1y7taxv|24537e30 registered. 
2017-06-30 07:58:39,777 [main] INFO  c.m.v.c.i.AbstractPoolBackedDataSource - Initializing c3p0 pool... com.mchange.v2.c3p0.ComboPooledDataSource [ acquireIncrement -> 3, acquireRetryAttempts -> 30, acquireRetryDelay -> 1000, autoCommitOnClose -> false, automaticTestTable -> null, breakAfterAcquireFailure -> false, checkoutTimeout -> 0, connectionCustomizerClassName -> null, connectionTesterClassName -> com.mchange.v2.c3p0.impl.DefaultConnectionTester, contextClassLoaderSource -> caller, dataSourceName -> 1hge13m9o1wmv0jm1y7taxv|24537e30, debugUnreturnedConnectionStackTraces -> false, description -> null, driverClass -> com.mysql.jdbc.Driver, extensions -> {}, factoryClassLocation -> null, forceIgnoreUnresolvedTransactions -> false, forceSynchronousCheckins -> false, forceUseNamedDriverClass -> false, identityToken -> 1hge13m9o1wmv0jm1y7taxv|24537e30, idleConnectionTestPeriod -> 0, initialPoolSize -> 3, jdbcUrl -> jdbc:mysql://172.17.0.2:3306/ionut, maxAdministrativeTaskTime -> 0, maxConnectionAge -> 0, maxIdleTime -> 10800, maxIdleTimeExcessConnections -> 1800, maxPoolSize -> 15, maxStatements -> 0, maxStatementsPerConnection -> 0, minPoolSize -> 3, numHelperThreads -> 3, preferredTestQuery -> null, privilegeSpawnedThreads -> false, properties -> {user=******, password=******}, propertyCycle -> 0, statementCacheNumDeferredCloseThreads -> 0, testConnectionOnCheckin -> false, testConnectionOnCheckout -> false, unreturnedConnectionTimeout -> 0, userOverrides -> {}, usesTraditionalReflectiveProxies -> false ] 
2017-06-30 07:58:39,779 [main] DEBUG c.m.v.resourcepool.BasicResourcePool - com.mchange.v2.resourcepool.BasicResourcePool@6f4327ab config: [start -> 3; min -> 3; max -> 15; inc -> 3; num_acq_attempts -> 30; acq_attempt_delay -> 1000; check_idle_resources_delay -> 0; max_resource_age -> 0; max_idle_time -> 10800000; excess_max_idle_time -> 1800000; destroy_unreturned_resc_time -> 0; expiration_enforcement_delay -> 450000; break_on_acquisition_failure -> false; debug_store_checkout_exceptions -> false; force_synchronous_checkins -> false] 
2017-06-30 07:58:39,780 [main] DEBUG c.m.v.c.i.C3P0PooledConnectionPoolManager - Created new pool for auth, username (masked): 'ro******'. 
2017-06-30 07:58:39,791 [main] DEBUG c.m.v.resourcepool.BasicResourcePool - acquire test -- pool size: 0; target_pool_size: 3; desired target? 1 
2017-06-30 07:58:39,799 [main] DEBUG c.m.v.resourcepool.BasicResourcePool - awaitAvailable(): [unknown] 
2017-06-30 07:59:01,765 [main] DEBUG org.jboss.logging - Logging Provider: org.jboss.logging.Slf4jLoggerProvider 
2017-06-30 07:59:06,279 [main] INFO  guestbook.env - 
-=[guestbook started successfully using the development profile]=- 
2017-06-30 07:59:07,028 [main] INFO  luminus.http-server - starting HTTP server on port 3000 
2017-06-30 07:59:07,288 [main] INFO  org.xnio - XNIO version 3.3.6.Final 
2017-06-30 07:59:08,144 [main] INFO  org.projectodd.wunderboss.web.Web - Registered web context / 
2017-06-30 07:59:08,148 [main] INFO  luminus.repl-server - starting nREPL server on port 7000 
2017-06-30 07:59:08,239 [main] INFO  guestbook.core - #'guestbook.config/env started 
2017-06-30 07:59:08,239 [main] INFO  guestbook.core - #'guestbook.handler/init-app started 
2017-06-30 07:59:08,240 [main] INFO  guestbook.core - #'guestbook.core/http-server started 
2017-06-30 07:59:08,240 [main] INFO  guestbook.core - #'guestbook.core/repl-server started 
2017-06-30 08:28:38,192 [C3P0PooledConnectionPoolManager[identityToken->1hge13m9o1wmv0jm1y7taxv|77cac3b]-AdminTaskTimer] DEBUG c.m.v.resourcepool.BasicResourcePool - Checking for expired resources - Fri Jun 30 08:28:38 EEST 2017 [com.mchange.v2.resourcepool.BasicResourcePool@48c63936] 
2017-06-30 08:28:38,193 [C3P0PooledConnectionPoolManager[identityToken->1hge13m9o1wmv0jm1y7taxv|77cac3b]-AdminTaskTimer] DEBUG c.m.v.resourcepool.BasicResourcePool - BEGIN check for expired resources.  [com.mchange.v2.resourcepool.BasicResourcePool@48c63936] 
2017-06-30 08:28:38,193 [C3P0PooledConnectionPoolManager[identityToken->1hge13m9o1wmv0jm1y7taxv|77cac3b]-AdminTaskTimer] DEBUG c.m.v.resourcepool.BasicResourcePool - FINISHED check for expired resources.  [com.mchange.v2.resourcepool.BasicResourcePool@48c63936] 
2017-06-30 08:28:39,779 [C3P0PooledConnectionPoolManager[identityToken->1hge13m9o1wmv0jm1y7taxv|24537e30]-AdminTaskTimer] DEBUG c.m.v.resourcepool.BasicResourcePool - Checking for expired resources - Fri Jun 30 08:28:39 EEST 2017 [com.mchange.v2.resourcepool.BasicResourcePool@6f4327ab] 
2017-06-30 08:28:39,780 [C3P0PooledConnectionPoolManager[identityToken->1hge13m9o1wmv0jm1y7taxv|24537e30]-AdminTaskTimer] DEBUG c.m.v.resourcepool.BasicResourcePool - BEGIN check for expired resources.  [com.mchange.v2.resourcepool.BasicResourcePool@6f4327ab] 
2017-06-30 08:28:39,780 [C3P0PooledConnectionPoolManager[identityToken->1hge13m9o1wmv0jm1y7taxv|24537e30]-AdminTaskTimer] DEBUG c.m.v.resourcepool.BasicResourcePool - FINISHED check for expired resources.  [com.mchange.v2.resourcepool.BasicResourcePool@6f4327ab] 
2017-06-30 08:36:08,193 [C3P0PooledConnectionPoolManager[identityToken->1hge13m9o1wmv0jm1y7taxv|77cac3b]-AdminTaskTimer] DEBUG c.m.v.resourcepool.BasicResourcePool - Checking for expired resources - Fri Jun 30 08:36:08 EEST 2017 [com.mchange.v2.resourcepool.BasicResourcePool@48c63936] 
2017-06-30 08:36:08,195 [C3P0PooledConnectionPoolManager[identityToken->1hge13m9o1wmv0jm1y7taxv|77cac3b]-AdminTaskTimer] DEBUG c.m.v.resourcepool.BasicResourcePool - BEGIN check for expired resources.  [com.mchange.v2.resourcepool.BasicResourcePool@48c63936] 
2017-06-30 08:36:08,195 [C3P0PooledConnectionPoolManager[identityToken->1hge13m9o1wmv0jm1y7taxv|77cac3b]-AdminTaskTimer] DEBUG c.m.v.resourcepool.BasicResourcePool - FINISHED check for expired resources.  [com.mchange.v2.resourcepool.BasicResourcePool@48c63936] 
2017-06-30 08:36:09,778 [C3P0PooledConnectionPoolManager[identityToken->1hge13m9o1wmv0jm1y7taxv|24537e30]-AdminTaskTimer] DEBUG c.m.v.resourcepool.BasicResourcePool - Checking for expired resources - Fri Jun 30 08:36:09 EEST 2017 [com.mchange.v2.resourcepool.BasicResourcePool@6f4327ab] 
2017-06-30 08:36:09,778 [C3P0PooledConnectionPoolManager[identityToken->1hge13m9o1wmv0jm1y7taxv|24537e30]-AdminTaskTimer] DEBUG c.m.v.resourcepool.BasicResourcePool - BEGIN check for expired resources.  [com.mchange.v2.resourcepool.BasicResourcePool@6f4327ab] 
2017-06-30 08:36:09,779 [C3P0PooledConnectionPoolManager[identityToken->1hge13m9o1wmv0jm1y7taxv|24537e30]-AdminTaskTimer] DEBUG c.m.v.resourcepool.BasicResourcePool - FINISHED check for expired resources.  [com.mchange.v2.resourcepool.BasicResourcePool@6f4327ab] 
2017-06-30 08:42:23,459 [Thread-10] INFO  luminus.repl-server - nREPL server stopped 
2017-06-30 08:42:23,462 [Thread-10] DEBUG org.projectodd.wunderboss.WunderBoss - Returning existing component for org.projectodd.wunderboss.web.Web:-1645144552, ignoring options. 
2017-06-30 08:42:23,488 [Thread-10] INFO  luminus.http-server - HTTP server stopped 
2017-06-30 08:42:23,491 [Thread-10] INFO  guestbook.env - 
-=[guestbook has shut down successfully]=- 
2017-06-30 08:42:23,512 [Thread-10] INFO  guestbook.core - #'guestbook.core/repl-server stopped 
2017-06-30 08:42:23,512 [Thread-10] INFO  guestbook.core - #'guestbook.core/http-server stopped 
2017-06-30 08:42:23,513 [Thread-10] INFO  guestbook.core - #'guestbook.handler/init-app stopped 
2017-06-30 08:43:06,178 [MLog-Init-Reporter] INFO  com.mchange.v2.log.MLog - MLog clients using slf4j logging. 
2017-06-30 08:43:06,223 [MLog-Init-Reporter] DEBUG com.mchange.v2.log.MLog - Reading VM config for path list /com/mchange/v2/log/default-mchange-log.properties, /mchange-commons.properties, /c3p0.properties, hocon:/reference,/application,/c3p0,/, /mchange-log.properties, / 
2017-06-30 08:43:06,224 [MLog-Init-Reporter] DEBUG com.mchange.v2.log.MLog - The configuration file for resource identifier '/mchange-commons.properties' could not be found. Skipping. 
2017-06-30 08:43:06,224 [MLog-Init-Reporter] DEBUG com.mchange.v2.log.MLog - The configuration file for resource identifier '/c3p0.properties' could not be found. Skipping. 
2017-06-30 08:43:06,225 [MLog-Init-Reporter] DEBUG com.mchange.v2.log.MLog - The configuration file for resource identifier 'hocon:/reference,/application,/c3p0,/' could not be found. Skipping. 
2017-06-30 08:43:06,225 [MLog-Init-Reporter] DEBUG com.mchange.v2.log.MLog - The configuration file for resource identifier '/mchange-log.properties' could not be found. Skipping. 
2017-06-30 08:43:06,242 [main] DEBUG com.mchange.v2.cfg.MConfig - The configuration file for resource identifier '/mchange-commons.properties' could not be found. Skipping. 
2017-06-30 08:43:06,247 [main] DEBUG com.mchange.v2.cfg.MConfig - The configuration file for resource identifier '/mchange-log.properties' could not be found. Skipping. 
2017-06-30 08:43:06,248 [main] DEBUG com.mchange.v2.cfg.MConfig - The configuration file for resource identifier 'hocon:/reference,/application,/c3p0,/' could not be found. Skipping. 
2017-06-30 08:43:06,249 [main] DEBUG com.mchange.v2.cfg.MConfig - The configuration file for resource identifier '/c3p0.properties' could not be found. Skipping. 
2017-06-30 08:43:06,459 [main] INFO  com.mchange.v2.c3p0.C3P0Registry - Initializing c3p0-0.9.5.2 [built 08-December-2015 22:06:04 -0800; debug? true; trace: 10] 
2017-06-30 08:43:06,533 [main] DEBUG c.m.v.c.m.DynamicPooledDataSourceManagerMBean - MBean: com.mchange.v2.c3p0:type=PooledDataSource,identityToken=1hge13m9o1wog7rgzjg38t|37f76752,name=1hge13m9o1wog7rgzjg38t|37f76752 registered. 
2017-06-30 08:43:06,606 [main] DEBUG c.m.v.c.m.DynamicPooledDataSourceManagerMBean - MBean: com.mchange.v2.c3p0:type=PooledDataSource,identityToken=1hge13m9o1wog7rgzjg38t|37f76752,name=1hge13m9o1wog7rgzjg38t|37f76752 unregistered, in order to be reregistered after update. 
2017-06-30 08:43:06,607 [main] DEBUG c.m.v.c.m.DynamicPooledDataSourceManagerMBean - MBean: com.mchange.v2.c3p0:type=PooledDataSource,identityToken=1hge13m9o1wog7rgzjg38t|37f76752,name=1hge13m9o1wog7rgzjg38t|37f76752 registered. 
2017-06-30 08:43:06,730 [main] INFO  c.m.v.c.i.AbstractPoolBackedDataSource - Initializing c3p0 pool... com.mchange.v2.c3p0.ComboPooledDataSource [ acquireIncrement -> 3, acquireRetryAttempts -> 30, acquireRetryDelay -> 1000, autoCommitOnClose -> false, automaticTestTable -> null, breakAfterAcquireFailure -> false, checkoutTimeout -> 0, connectionCustomizerClassName -> null, connectionTesterClassName -> com.mchange.v2.c3p0.impl.DefaultConnectionTester, contextClassLoaderSource -> caller, dataSourceName -> 1hge13m9o1wog7rgzjg38t|37f76752, debugUnreturnedConnectionStackTraces -> false, description -> null, driverClass -> com.mysql.jdbc.Driver, extensions -> {}, factoryClassLocation -> null, forceIgnoreUnresolvedTransactions -> false, forceSynchronousCheckins -> false, forceUseNamedDriverClass -> false, identityToken -> 1hge13m9o1wog7rgzjg38t|37f76752, idleConnectionTestPeriod -> 0, initialPoolSize -> 3, jdbcUrl -> jdbc:mysql://172.17.0.2:3306/ionut, maxAdministrativeTaskTime -> 0, maxConnectionAge -> 0, maxIdleTime -> 10800, maxIdleTimeExcessConnections -> 1800, maxPoolSize -> 15, maxStatements -> 0, maxStatementsPerConnection -> 0, minPoolSize -> 3, numHelperThreads -> 3, preferredTestQuery -> null, privilegeSpawnedThreads -> false, properties -> {user=******, password=******}, propertyCycle -> 0, statementCacheNumDeferredCloseThreads -> 0, testConnectionOnCheckin -> false, testConnectionOnCheckout -> false, unreturnedConnectionTimeout -> 0, userOverrides -> {}, usesTraditionalReflectiveProxies -> false ] 
2017-06-30 08:43:06,788 [main] DEBUG com.mchange.v2.cfg.MConfig - The configuration file for resource identifier '/mchange-commons.properties' could not be found. Skipping. 
2017-06-30 08:43:06,797 [main] DEBUG com.mchange.v2.cfg.MConfig - The configuration file for resource identifier '/mchange-log.properties' could not be found. Skipping. 
2017-06-30 08:43:06,799 [main] DEBUG com.mchange.v2.cfg.MConfig - The configuration file for resource identifier '/c3p0.properties' could not be found. Skipping. 
2017-06-30 08:43:06,824 [main] DEBUG com.mchange.v2.cfg.MConfig - The configuration file for resource identifier 'hocon:/reference,/application,/c3p0,/' could not be found. Skipping. 
2017-06-30 08:43:06,871 [main] DEBUG c.m.v.resourcepool.BasicResourcePool - com.mchange.v2.resourcepool.BasicResourcePool@2dcfa917 config: [start -> 3; min -> 3; max -> 15; inc -> 3; num_acq_attempts -> 30; acq_attempt_delay -> 1000; check_idle_resources_delay -> 0; max_resource_age -> 0; max_idle_time -> 10800000; excess_max_idle_time -> 1800000; destroy_unreturned_resc_time -> 0; expiration_enforcement_delay -> 450000; break_on_acquisition_failure -> false; debug_store_checkout_exceptions -> false; force_synchronous_checkins -> false] 
2017-06-30 08:43:06,880 [main] DEBUG c.m.v.c.i.C3P0PooledConnectionPoolManager - Created new pool for auth, username (masked): 'ro******'. 
2017-06-30 08:43:06,884 [main] DEBUG c.m.v.resourcepool.BasicResourcePool - acquire test -- pool size: 0; target_pool_size: 3; desired target? 1 
2017-06-30 08:43:06,889 [main] DEBUG c.m.v.resourcepool.BasicResourcePool - awaitAvailable(): [unknown] 
2017-06-30 08:43:08,126 [main] DEBUG c.m.v.c.m.DynamicPooledDataSourceManagerMBean - MBean: com.mchange.v2.c3p0:type=PooledDataSource,identityToken=1hge13m9o1wog7rgzjg38t|1d2d3bc2,name=1hge13m9o1wog7rgzjg38t|1d2d3bc2 registered. 
2017-06-30 08:43:08,161 [main] DEBUG c.m.v.c.m.DynamicPooledDataSourceManagerMBean - MBean: com.mchange.v2.c3p0:type=PooledDataSource,identityToken=1hge13m9o1wog7rgzjg38t|1d2d3bc2,name=1hge13m9o1wog7rgzjg38t|1d2d3bc2 unregistered, in order to be reregistered after update. 
2017-06-30 08:43:08,165 [main] DEBUG c.m.v.c.m.DynamicPooledDataSourceManagerMBean - MBean: com.mchange.v2.c3p0:type=PooledDataSource,identityToken=1hge13m9o1wog7rgzjg38t|1d2d3bc2,name=1hge13m9o1wog7rgzjg38t|1d2d3bc2 registered. 
2017-06-30 08:43:08,267 [main] INFO  c.m.v.c.i.AbstractPoolBackedDataSource - Initializing c3p0 pool... com.mchange.v2.c3p0.ComboPooledDataSource [ acquireIncrement -> 3, acquireRetryAttempts -> 30, acquireRetryDelay -> 1000, autoCommitOnClose -> false, automaticTestTable -> null, breakAfterAcquireFailure -> false, checkoutTimeout -> 0, connectionCustomizerClassName -> null, connectionTesterClassName -> com.mchange.v2.c3p0.impl.DefaultConnectionTester, contextClassLoaderSource -> caller, dataSourceName -> 1hge13m9o1wog7rgzjg38t|1d2d3bc2, debugUnreturnedConnectionStackTraces -> false, description -> null, driverClass -> com.mysql.jdbc.Driver, extensions -> {}, factoryClassLocation -> null, forceIgnoreUnresolvedTransactions -> false, forceSynchronousCheckins -> false, forceUseNamedDriverClass -> false, identityToken -> 1hge13m9o1wog7rgzjg38t|1d2d3bc2, idleConnectionTestPeriod -> 0, initialPoolSize -> 3, jdbcUrl -> jdbc:mysql://172.17.0.2:3306/ionut, maxAdministrativeTaskTime -> 0, maxConnectionAge -> 0, maxIdleTime -> 10800, maxIdleTimeExcessConnections -> 1800, maxPoolSize -> 15, maxStatements -> 0, maxStatementsPerConnection -> 0, minPoolSize -> 3, numHelperThreads -> 3, preferredTestQuery -> null, privilegeSpawnedThreads -> false, properties -> {user=******, password=******}, propertyCycle -> 0, statementCacheNumDeferredCloseThreads -> 0, testConnectionOnCheckin -> false, testConnectionOnCheckout -> false, unreturnedConnectionTimeout -> 0, userOverrides -> {}, usesTraditionalReflectiveProxies -> false ] 
2017-06-30 08:43:08,284 [main] DEBUG c.m.v.resourcepool.BasicResourcePool - com.mchange.v2.resourcepool.BasicResourcePool@485e0996 config: [start -> 3; min -> 3; max -> 15; inc -> 3; num_acq_attempts -> 30; acq_attempt_delay -> 1000; check_idle_resources_delay -> 0; max_resource_age -> 0; max_idle_time -> 10800000; excess_max_idle_time -> 1800000; destroy_unreturned_resc_time -> 0; expiration_enforcement_delay -> 450000; break_on_acquisition_failure -> false; debug_store_checkout_exceptions -> false; force_synchronous_checkins -> false] 
2017-06-30 08:43:08,293 [main] DEBUG c.m.v.c.i.C3P0PooledConnectionPoolManager - Created new pool for auth, username (masked): 'ro******'. 
2017-06-30 08:43:08,304 [main] DEBUG c.m.v.resourcepool.BasicResourcePool - acquire test -- pool size: 0; target_pool_size: 3; desired target? 1 
2017-06-30 08:43:08,307 [main] DEBUG c.m.v.resourcepool.BasicResourcePool - awaitAvailable(): [unknown] 
2017-06-30 08:44:48,339 [MLog-Init-Reporter] INFO  com.mchange.v2.log.MLog - MLog clients using slf4j logging. 
2017-06-30 08:44:49,176 [MLog-Init-Reporter] DEBUG com.mchange.v2.log.MLog - Reading VM config for path list /com/mchange/v2/log/default-mchange-log.properties, /mchange-commons.properties, /c3p0.properties, hocon:/reference,/application,/c3p0,/, /mchange-log.properties, / 
2017-06-30 08:44:49,186 [MLog-Init-Reporter] DEBUG com.mchange.v2.log.MLog - The configuration file for resource identifier '/mchange-commons.properties' could not be found. Skipping. 
2017-06-30 08:44:49,187 [MLog-Init-Reporter] DEBUG com.mchange.v2.log.MLog - The configuration file for resource identifier '/c3p0.properties' could not be found. Skipping. 
2017-06-30 08:44:49,187 [MLog-Init-Reporter] DEBUG com.mchange.v2.log.MLog - The configuration file for resource identifier 'hocon:/reference,/application,/c3p0,/' could not be found. Skipping. 
2017-06-30 08:44:49,188 [MLog-Init-Reporter] DEBUG com.mchange.v2.log.MLog - The configuration file for resource identifier '/mchange-log.properties' could not be found. Skipping. 
2017-06-30 08:44:49,198 [main] DEBUG com.mchange.v2.cfg.MConfig - The configuration file for resource identifier '/mchange-commons.properties' could not be found. Skipping. 
2017-06-30 08:44:49,210 [main] DEBUG com.mchange.v2.cfg.MConfig - The configuration file for resource identifier '/mchange-log.properties' could not be found. Skipping. 
2017-06-30 08:44:49,218 [main] DEBUG com.mchange.v2.cfg.MConfig - The configuration file for resource identifier 'hocon:/reference,/application,/c3p0,/' could not be found. Skipping. 
2017-06-30 08:44:49,225 [main] DEBUG com.mchange.v2.cfg.MConfig - The configuration file for resource identifier '/c3p0.properties' could not be found. Skipping. 
2017-06-30 08:44:49,430 [main] INFO  com.mchange.v2.c3p0.C3P0Registry - Initializing c3p0-0.9.5.2 [built 08-December-2015 22:06:04 -0800; debug? true; trace: 10] 
2017-06-30 08:44:49,501 [main] DEBUG c.m.v.c.m.DynamicPooledDataSourceManagerMBean - MBean: com.mchange.v2.c3p0:type=PooledDataSource,identityToken=1hge13m9o1woif7u1xg00hb|37f76752,name=1hge13m9o1woif7u1xg00hb|37f76752 registered. 
2017-06-30 08:44:49,601 [main] DEBUG c.m.v.c.m.DynamicPooledDataSourceManagerMBean - MBean: com.mchange.v2.c3p0:type=PooledDataSource,identityToken=1hge13m9o1woif7u1xg00hb|37f76752,name=1hge13m9o1woif7u1xg00hb|37f76752 unregistered, in order to be reregistered after update. 
2017-06-30 08:44:49,602 [main] DEBUG c.m.v.c.m.DynamicPooledDataSourceManagerMBean - MBean: com.mchange.v2.c3p0:type=PooledDataSource,identityToken=1hge13m9o1woif7u1xg00hb|37f76752,name=1hge13m9o1woif7u1xg00hb|37f76752 registered. 
2017-06-30 08:44:49,704 [main] INFO  c.m.v.c.i.AbstractPoolBackedDataSource - Initializing c3p0 pool... com.mchange.v2.c3p0.ComboPooledDataSource [ acquireIncrement -> 3, acquireRetryAttempts -> 30, acquireRetryDelay -> 1000, autoCommitOnClose -> false, automaticTestTable -> null, breakAfterAcquireFailure -> false, checkoutTimeout -> 0, connectionCustomizerClassName -> null, connectionTesterClassName -> com.mchange.v2.c3p0.impl.DefaultConnectionTester, contextClassLoaderSource -> caller, dataSourceName -> 1hge13m9o1woif7u1xg00hb|37f76752, debugUnreturnedConnectionStackTraces -> false, description -> null, driverClass -> com.mysql.jdbc.Driver, extensions -> {}, factoryClassLocation -> null, forceIgnoreUnresolvedTransactions -> false, forceSynchronousCheckins -> false, forceUseNamedDriverClass -> false, identityToken -> 1hge13m9o1woif7u1xg00hb|37f76752, idleConnectionTestPeriod -> 0, initialPoolSize -> 3, jdbcUrl -> jdbc:mysql://172.17.0.2:3306/ionut, maxAdministrativeTaskTime -> 0, maxConnectionAge -> 0, maxIdleTime -> 10800, maxIdleTimeExcessConnections -> 1800, maxPoolSize -> 15, maxStatements -> 0, maxStatementsPerConnection -> 0, minPoolSize -> 3, numHelperThreads -> 3, preferredTestQuery -> null, privilegeSpawnedThreads -> false, properties -> {user=******, password=******}, propertyCycle -> 0, statementCacheNumDeferredCloseThreads -> 0, testConnectionOnCheckin -> false, testConnectionOnCheckout -> false, unreturnedConnectionTimeout -> 0, userOverrides -> {}, usesTraditionalReflectiveProxies -> false ] 
2017-06-30 08:44:49,765 [main] DEBUG com.mchange.v2.cfg.MConfig - The configuration file for resource identifier '/mchange-commons.properties' could not be found. Skipping. 
2017-06-30 08:44:49,770 [main] DEBUG com.mchange.v2.cfg.MConfig - The configuration file for resource identifier '/mchange-log.properties' could not be found. Skipping. 
2017-06-30 08:44:49,773 [main] DEBUG com.mchange.v2.cfg.MConfig - The configuration file for resource identifier '/c3p0.properties' could not be found. Skipping. 
2017-06-30 08:44:49,774 [main] DEBUG com.mchange.v2.cfg.MConfig - The configuration file for resource identifier 'hocon:/reference,/application,/c3p0,/' could not be found. Skipping. 
2017-06-30 08:44:49,779 [main] DEBUG c.m.v.resourcepool.BasicResourcePool - com.mchange.v2.resourcepool.BasicResourcePool@2dcfa917 config: [start -> 3; min -> 3; max -> 15; inc -> 3; num_acq_attempts -> 30; acq_attempt_delay -> 1000; check_idle_resources_delay -> 0; max_resource_age -> 0; max_idle_time -> 10800000; excess_max_idle_time -> 1800000; destroy_unreturned_resc_time -> 0; expiration_enforcement_delay -> 450000; break_on_acquisition_failure -> false; debug_store_checkout_exceptions -> false; force_synchronous_checkins -> false] 
2017-06-30 08:44:49,781 [main] DEBUG c.m.v.c.i.C3P0PooledConnectionPoolManager - Created new pool for auth, username (masked): 'ro******'. 
2017-06-30 08:44:49,786 [main] DEBUG c.m.v.resourcepool.BasicResourcePool - acquire test -- pool size: 0; target_pool_size: 3; desired target? 1 
2017-06-30 08:44:49,788 [main] DEBUG c.m.v.resourcepool.BasicResourcePool - awaitAvailable(): [unknown] 
2017-06-30 08:44:50,905 [main] DEBUG c.m.v.c.m.DynamicPooledDataSourceManagerMBean - MBean: com.mchange.v2.c3p0:type=PooledDataSource,identityToken=1hge13m9o1woif7u1xg00hb|1d2d3bc2,name=1hge13m9o1woif7u1xg00hb|1d2d3bc2 registered. 
2017-06-30 08:44:50,953 [main] DEBUG c.m.v.c.m.DynamicPooledDataSourceManagerMBean - MBean: com.mchange.v2.c3p0:type=PooledDataSource,identityToken=1hge13m9o1woif7u1xg00hb|1d2d3bc2,name=1hge13m9o1woif7u1xg00hb|1d2d3bc2 unregistered, in order to be reregistered after update. 
2017-06-30 08:44:50,959 [main] DEBUG c.m.v.c.m.DynamicPooledDataSourceManagerMBean - MBean: com.mchange.v2.c3p0:type=PooledDataSource,identityToken=1hge13m9o1woif7u1xg00hb|1d2d3bc2,name=1hge13m9o1woif7u1xg00hb|1d2d3bc2 registered. 
2017-06-30 08:44:51,016 [main] INFO  c.m.v.c.i.AbstractPoolBackedDataSource - Initializing c3p0 pool... com.mchange.v2.c3p0.ComboPooledDataSource [ acquireIncrement -> 3, acquireRetryAttempts -> 30, acquireRetryDelay -> 1000, autoCommitOnClose -> false, automaticTestTable -> null, breakAfterAcquireFailure -> false, checkoutTimeout -> 0, connectionCustomizerClassName -> null, connectionTesterClassName -> com.mchange.v2.c3p0.impl.DefaultConnectionTester, contextClassLoaderSource -> caller, dataSourceName -> 1hge13m9o1woif7u1xg00hb|1d2d3bc2, debugUnreturnedConnectionStackTraces -> false, description -> null, driverClass -> com.mysql.jdbc.Driver, extensions -> {}, factoryClassLocation -> null, forceIgnoreUnresolvedTransactions -> false, forceSynchronousCheckins -> false, forceUseNamedDriverClass -> false, identityToken -> 1hge13m9o1woif7u1xg00hb|1d2d3bc2, idleConnectionTestPeriod -> 0, initialPoolSize -> 3, jdbcUrl -> jdbc:mysql://172.17.0.2:3306/ionut, maxAdministrativeTaskTime -> 0, maxConnectionAge -> 0, maxIdleTime -> 10800, maxIdleTimeExcessConnections -> 1800, maxPoolSize -> 15, maxStatements -> 0, maxStatementsPerConnection -> 0, minPoolSize -> 3, numHelperThreads -> 3, preferredTestQuery -> null, privilegeSpawnedThreads -> false, properties -> {user=******, password=******}, propertyCycle -> 0, statementCacheNumDeferredCloseThreads -> 0, testConnectionOnCheckin -> false, testConnectionOnCheckout -> false, unreturnedConnectionTimeout -> 0, userOverrides -> {}, usesTraditionalReflectiveProxies -> false ] 
2017-06-30 08:44:51,057 [main] DEBUG c.m.v.resourcepool.BasicResourcePool - com.mchange.v2.resourcepool.BasicResourcePool@485e0996 config: [start -> 3; min -> 3; max -> 15; inc -> 3; num_acq_attempts -> 30; acq_attempt_delay -> 1000; check_idle_resources_delay -> 0; max_resource_age -> 0; max_idle_time -> 10800000; excess_max_idle_time -> 1800000; destroy_unreturned_resc_time -> 0; expiration_enforcement_delay -> 450000; break_on_acquisition_failure -> false; debug_store_checkout_exceptions -> false; force_synchronous_checkins -> false] 
2017-06-30 08:44:51,066 [main] DEBUG c.m.v.c.i.C3P0PooledConnectionPoolManager - Created new pool for auth, username (masked): 'ro******'. 
2017-06-30 08:46:15,552 [MLog-Init-Reporter] INFO  com.mchange.v2.log.MLog - MLog clients using slf4j logging. 
2017-06-30 08:46:16,056 [MLog-Init-Reporter] DEBUG com.mchange.v2.log.MLog - Reading VM config for path list /com/mchange/v2/log/default-mchange-log.properties, /mchange-commons.properties, /c3p0.properties, hocon:/reference,/application,/c3p0,/, /mchange-log.properties, / 
2017-06-30 08:46:16,061 [MLog-Init-Reporter] DEBUG com.mchange.v2.log.MLog - The configuration file for resource identifier '/mchange-commons.properties' could not be found. Skipping. 
2017-06-30 08:46:16,064 [MLog-Init-Reporter] DEBUG com.mchange.v2.log.MLog - The configuration file for resource identifier '/c3p0.properties' could not be found. Skipping. 
2017-06-30 08:46:16,065 [MLog-Init-Reporter] DEBUG com.mchange.v2.log.MLog - The configuration file for resource identifier 'hocon:/reference,/application,/c3p0,/' could not be found. Skipping. 
2017-06-30 08:46:16,066 [MLog-Init-Reporter] DEBUG com.mchange.v2.log.MLog - The configuration file for resource identifier '/mchange-log.properties' could not be found. Skipping. 
2017-06-30 08:46:16,076 [main] DEBUG com.mchange.v2.cfg.MConfig - The configuration file for resource identifier '/mchange-commons.properties' could not be found. Skipping. 
2017-06-30 08:46:16,078 [main] DEBUG com.mchange.v2.cfg.MConfig - The configuration file for resource identifier '/mchange-log.properties' could not be found. Skipping. 
2017-06-30 08:46:16,079 [main] DEBUG com.mchange.v2.cfg.MConfig - The configuration file for resource identifier 'hocon:/reference,/application,/c3p0,/' could not be found. Skipping. 
2017-06-30 08:46:16,080 [main] DEBUG com.mchange.v2.cfg.MConfig - The configuration file for resource identifier '/c3p0.properties' could not be found. Skipping. 
2017-06-30 08:46:16,246 [main] INFO  com.mchange.v2.c3p0.C3P0Registry - Initializing c3p0-0.9.5.2 [built 08-December-2015 22:06:04 -0800; debug? true; trace: 10] 
2017-06-30 08:46:16,306 [main] DEBUG c.m.v.c.m.DynamicPooledDataSourceManagerMBean - MBean: com.mchange.v2.c3p0:type=PooledDataSource,identityToken=1hge13m9o1woka811ucshha|37f76752,name=1hge13m9o1woka811ucshha|37f76752 registered. 
2017-06-30 08:46:16,365 [main] DEBUG c.m.v.c.m.DynamicPooledDataSourceManagerMBean - MBean: com.mchange.v2.c3p0:type=PooledDataSource,identityToken=1hge13m9o1woka811ucshha|37f76752,name=1hge13m9o1woka811ucshha|37f76752 unregistered, in order to be reregistered after update. 
2017-06-30 08:46:16,368 [main] DEBUG c.m.v.c.m.DynamicPooledDataSourceManagerMBean - MBean: com.mchange.v2.c3p0:type=PooledDataSource,identityToken=1hge13m9o1woka811ucshha|37f76752,name=1hge13m9o1woka811ucshha|37f76752 registered. 
2017-06-30 08:46:16,472 [main] INFO  c.m.v.c.i.AbstractPoolBackedDataSource - Initializing c3p0 pool... com.mchange.v2.c3p0.ComboPooledDataSource [ acquireIncrement -> 3, acquireRetryAttempts -> 30, acquireRetryDelay -> 1000, autoCommitOnClose -> false, automaticTestTable -> null, breakAfterAcquireFailure -> false, checkoutTimeout -> 0, connectionCustomizerClassName -> null, connectionTesterClassName -> com.mchange.v2.c3p0.impl.DefaultConnectionTester, contextClassLoaderSource -> caller, dataSourceName -> 1hge13m9o1woka811ucshha|37f76752, debugUnreturnedConnectionStackTraces -> false, description -> null, driverClass -> com.mysql.jdbc.Driver, extensions -> {}, factoryClassLocation -> null, forceIgnoreUnresolvedTransactions -> false, forceSynchronousCheckins -> false, forceUseNamedDriverClass -> false, identityToken -> 1hge13m9o1woka811ucshha|37f76752, idleConnectionTestPeriod -> 0, initialPoolSize -> 3, jdbcUrl -> jdbc:mysql://172.17.0.2:3306/ionut, maxAdministrativeTaskTime -> 0, maxConnectionAge -> 0, maxIdleTime -> 10800, maxIdleTimeExcessConnections -> 1800, maxPoolSize -> 15, maxStatements -> 0, maxStatementsPerConnection -> 0, minPoolSize -> 3, numHelperThreads -> 3, preferredTestQuery -> null, privilegeSpawnedThreads -> false, properties -> {user=******, password=******}, propertyCycle -> 0, statementCacheNumDeferredCloseThreads -> 0, testConnectionOnCheckin -> false, testConnectionOnCheckout -> false, unreturnedConnectionTimeout -> 0, userOverrides -> {}, usesTraditionalReflectiveProxies -> false ] 
2017-06-30 08:46:16,509 [main] DEBUG com.mchange.v2.cfg.MConfig - The configuration file for resource identifier '/mchange-commons.properties' could not be found. Skipping. 
2017-06-30 08:46:16,509 [main] DEBUG com.mchange.v2.cfg.MConfig - The configuration file for resource identifier '/mchange-log.properties' could not be found. Skipping. 
2017-06-30 08:46:16,510 [main] DEBUG com.mchange.v2.cfg.MConfig - The configuration file for resource identifier '/c3p0.properties' could not be found. Skipping. 
2017-06-30 08:46:16,510 [main] DEBUG com.mchange.v2.cfg.MConfig - The configuration file for resource identifier 'hocon:/reference,/application,/c3p0,/' could not be found. Skipping. 
2017-06-30 08:46:16,515 [main] DEBUG c.m.v.resourcepool.BasicResourcePool - com.mchange.v2.resourcepool.BasicResourcePool@2dcfa917 config: [start -> 3; min -> 3; max -> 15; inc -> 3; num_acq_attempts -> 30; acq_attempt_delay -> 1000; check_idle_resources_delay -> 0; max_resource_age -> 0; max_idle_time -> 10800000; excess_max_idle_time -> 1800000; destroy_unreturned_resc_time -> 0; expiration_enforcement_delay -> 450000; break_on_acquisition_failure -> false; debug_store_checkout_exceptions -> false; force_synchronous_checkins -> false] 
2017-06-30 08:46:16,515 [main] DEBUG c.m.v.c.i.C3P0PooledConnectionPoolManager - Created new pool for auth, username (masked): 'ro******'. 
2017-06-30 08:46:16,516 [main] DEBUG c.m.v.resourcepool.BasicResourcePool - acquire test -- pool size: 0; target_pool_size: 3; desired target? 1 
2017-06-30 08:46:16,517 [main] DEBUG c.m.v.resourcepool.BasicResourcePool - awaitAvailable(): [unknown] 
2017-06-30 08:46:17,452 [main] DEBUG c.m.v.c.m.DynamicPooledDataSourceManagerMBean - MBean: com.mchange.v2.c3p0:type=PooledDataSource,identityToken=1hge13m9o1woka811ucshha|1d2d3bc2,name=1hge13m9o1woka811ucshha|1d2d3bc2 registered. 
2017-06-30 08:46:17,489 [main] DEBUG c.m.v.c.m.DynamicPooledDataSourceManagerMBean - MBean: com.mchange.v2.c3p0:type=PooledDataSource,identityToken=1hge13m9o1woka811ucshha|1d2d3bc2,name=1hge13m9o1woka811ucshha|1d2d3bc2 unregistered, in order to be reregistered after update. 
2017-06-30 08:46:17,490 [main] DEBUG c.m.v.c.m.DynamicPooledDataSourceManagerMBean - MBean: com.mchange.v2.c3p0:type=PooledDataSource,identityToken=1hge13m9o1woka811ucshha|1d2d3bc2,name=1hge13m9o1woka811ucshha|1d2d3bc2 registered. 
2017-06-30 08:46:17,528 [main] INFO  c.m.v.c.i.AbstractPoolBackedDataSource - Initializing c3p0 pool... com.mchange.v2.c3p0.ComboPooledDataSource [ acquireIncrement -> 3, acquireRetryAttempts -> 30, acquireRetryDelay -> 1000, autoCommitOnClose -> false, automaticTestTable -> null, breakAfterAcquireFailure -> false, checkoutTimeout -> 0, connectionCustomizerClassName -> null, connectionTesterClassName -> com.mchange.v2.c3p0.impl.DefaultConnectionTester, contextClassLoaderSource -> caller, dataSourceName -> 1hge13m9o1woka811ucshha|1d2d3bc2, debugUnreturnedConnectionStackTraces -> false, description -> null, driverClass -> com.mysql.jdbc.Driver, extensions -> {}, factoryClassLocation -> null, forceIgnoreUnresolvedTransactions -> false, forceSynchronousCheckins -> false, forceUseNamedDriverClass -> false, identityToken -> 1hge13m9o1woka811ucshha|1d2d3bc2, idleConnectionTestPeriod -> 0, initialPoolSize -> 3, jdbcUrl -> jdbc:mysql://172.17.0.2:3306/ionut, maxAdministrativeTaskTime -> 0, maxConnectionAge -> 0, maxIdleTime -> 10800, maxIdleTimeExcessConnections -> 1800, maxPoolSize -> 15, maxStatements -> 0, maxStatementsPerConnection -> 0, minPoolSize -> 3, numHelperThreads -> 3, preferredTestQuery -> null, privilegeSpawnedThreads -> false, properties -> {user=******, password=******}, propertyCycle -> 0, statementCacheNumDeferredCloseThreads -> 0, testConnectionOnCheckin -> false, testConnectionOnCheckout -> false, unreturnedConnectionTimeout -> 0, userOverrides -> {}, usesTraditionalReflectiveProxies -> false ] 
2017-06-30 08:46:17,533 [main] DEBUG c.m.v.resourcepool.BasicResourcePool - com.mchange.v2.resourcepool.BasicResourcePool@485e0996 config: [start -> 3; min -> 3; max -> 15; inc -> 3; num_acq_attempts -> 30; acq_attempt_delay -> 1000; check_idle_resources_delay -> 0; max_resource_age -> 0; max_idle_time -> 10800000; excess_max_idle_time -> 1800000; destroy_unreturned_resc_time -> 0; expiration_enforcement_delay -> 450000; break_on_acquisition_failure -> false; debug_store_checkout_exceptions -> false; force_synchronous_checkins -> false] 
2017-06-30 08:46:17,542 [main] DEBUG c.m.v.c.i.C3P0PooledConnectionPoolManager - Created new pool for auth, username (masked): 'ro******'. 
2017-06-30 08:46:17,546 [main] DEBUG c.m.v.resourcepool.BasicResourcePool - acquire test -- pool size: 0; target_pool_size: 3; desired target? 1 
2017-06-30 08:46:17,558 [main] DEBUG c.m.v.resourcepool.BasicResourcePool - awaitAvailable(): [unknown] 
2017-06-30 08:48:07,909 [MLog-Init-Reporter] INFO  com.mchange.v2.log.MLog - MLog clients using slf4j logging. 
2017-06-30 08:48:08,912 [MLog-Init-Reporter] DEBUG com.mchange.v2.log.MLog - Reading VM config for path list /com/mchange/v2/log/default-mchange-log.properties, /mchange-commons.properties, /c3p0.properties, hocon:/reference,/application,/c3p0,/, /mchange-log.properties, / 
2017-06-30 08:48:08,913 [MLog-Init-Reporter] DEBUG com.mchange.v2.log.MLog - The configuration file for resource identifier '/mchange-commons.properties' could not be found. Skipping. 
2017-06-30 08:48:08,914 [MLog-Init-Reporter] DEBUG com.mchange.v2.log.MLog - The configuration file for resource identifier '/c3p0.properties' could not be found. Skipping. 
2017-06-30 08:48:08,914 [MLog-Init-Reporter] DEBUG com.mchange.v2.log.MLog - The configuration file for resource identifier 'hocon:/reference,/application,/c3p0,/' could not be found. Skipping. 
2017-06-30 08:48:08,914 [MLog-Init-Reporter] DEBUG com.mchange.v2.log.MLog - The configuration file for resource identifier '/mchange-log.properties' could not be found. Skipping. 
2017-06-30 08:48:08,951 [main] DEBUG com.mchange.v2.cfg.MConfig - The configuration file for resource identifier '/mchange-commons.properties' could not be found. Skipping. 
2017-06-30 08:48:08,963 [main] DEBUG com.mchange.v2.cfg.MConfig - The configuration file for resource identifier '/mchange-log.properties' could not be found. Skipping. 
2017-06-30 08:48:08,964 [main] DEBUG com.mchange.v2.cfg.MConfig - The configuration file for resource identifier 'hocon:/reference,/application,/c3p0,/' could not be found. Skipping. 
2017-06-30 08:48:08,970 [main] DEBUG com.mchange.v2.cfg.MConfig - The configuration file for resource identifier '/c3p0.properties' could not be found. Skipping. 
2017-06-30 08:48:09,181 [main] INFO  com.mchange.v2.c3p0.C3P0Registry - Initializing c3p0-0.9.5.2 [built 08-December-2015 22:06:04 -0800; debug? true; trace: 10] 
2017-06-30 08:48:09,290 [main] DEBUG c.m.v.c.m.DynamicPooledDataSourceManagerMBean - MBean: com.mchange.v2.c3p0:type=PooledDataSource,identityToken=1hge13m9o1wompc9kwfbj7|37f76752,name=1hge13m9o1wompc9kwfbj7|37f76752 registered. 
2017-06-30 08:48:09,373 [main] DEBUG c.m.v.c.m.DynamicPooledDataSourceManagerMBean - MBean: com.mchange.v2.c3p0:type=PooledDataSource,identityToken=1hge13m9o1wompc9kwfbj7|37f76752,name=1hge13m9o1wompc9kwfbj7|37f76752 unregistered, in order to be reregistered after update. 
2017-06-30 08:48:09,374 [main] DEBUG c.m.v.c.m.DynamicPooledDataSourceManagerMBean - MBean: com.mchange.v2.c3p0:type=PooledDataSource,identityToken=1hge13m9o1wompc9kwfbj7|37f76752,name=1hge13m9o1wompc9kwfbj7|37f76752 registered. 
2017-06-30 08:48:09,499 [main] INFO  c.m.v.c.i.AbstractPoolBackedDataSource - Initializing c3p0 pool... com.mchange.v2.c3p0.ComboPooledDataSource [ acquireIncrement -> 3, acquireRetryAttempts -> 30, acquireRetryDelay -> 1000, autoCommitOnClose -> false, automaticTestTable -> null, breakAfterAcquireFailure -> false, checkoutTimeout -> 0, connectionCustomizerClassName -> null, connectionTesterClassName -> com.mchange.v2.c3p0.impl.DefaultConnectionTester, contextClassLoaderSource -> caller, dataSourceName -> 1hge13m9o1wompc9kwfbj7|37f76752, debugUnreturnedConnectionStackTraces -> false, description -> null, driverClass -> com.mysql.jdbc.Driver, extensions -> {}, factoryClassLocation -> null, forceIgnoreUnresolvedTransactions -> false, forceSynchronousCheckins -> false, forceUseNamedDriverClass -> false, identityToken -> 1hge13m9o1wompc9kwfbj7|37f76752, idleConnectionTestPeriod -> 0, initialPoolSize -> 3, jdbcUrl -> jdbc:mysql://172.17.0.2:3306/ionut, maxAdministrativeTaskTime -> 0, maxConnectionAge -> 0, maxIdleTime -> 10800, maxIdleTimeExcessConnections -> 1800, maxPoolSize -> 15, maxStatements -> 0, maxStatementsPerConnection -> 0, minPoolSize -> 3, numHelperThreads -> 3, preferredTestQuery -> null, privilegeSpawnedThreads -> false, properties -> {user=******, password=******}, propertyCycle -> 0, statementCacheNumDeferredCloseThreads -> 0, testConnectionOnCheckin -> false, testConnectionOnCheckout -> false, unreturnedConnectionTimeout -> 0, userOverrides -> {}, usesTraditionalReflectiveProxies -> false ] 
2017-06-30 08:48:09,546 [main] DEBUG com.mchange.v2.cfg.MConfig - The configuration file for resource identifier '/mchange-commons.properties' could not be found. Skipping. 
2017-06-30 08:48:09,547 [main] DEBUG com.mchange.v2.cfg.MConfig - The configuration file for resource identifier '/mchange-log.properties' could not be found. Skipping. 
2017-06-30 08:48:09,547 [main] DEBUG com.mchange.v2.cfg.MConfig - The configuration file for resource identifier '/c3p0.properties' could not be found. Skipping. 
2017-06-30 08:48:09,547 [main] DEBUG com.mchange.v2.cfg.MConfig - The configuration file for resource identifier 'hocon:/reference,/application,/c3p0,/' could not be found. Skipping. 
2017-06-30 08:48:09,560 [main] DEBUG c.m.v.resourcepool.BasicResourcePool - com.mchange.v2.resourcepool.BasicResourcePool@2dcfa917 config: [start -> 3; min -> 3; max -> 15; inc -> 3; num_acq_attempts -> 30; acq_attempt_delay -> 1000; check_idle_resources_delay -> 0; max_resource_age -> 0; max_idle_time -> 10800000; excess_max_idle_time -> 1800000; destroy_unreturned_resc_time -> 0; expiration_enforcement_delay -> 450000; break_on_acquisition_failure -> false; debug_store_checkout_exceptions -> false; force_synchronous_checkins -> false] 
2017-06-30 08:48:09,572 [main] DEBUG c.m.v.c.i.C3P0PooledConnectionPoolManager - Created new pool for auth, username (masked): 'ro******'. 
2017-06-30 08:48:09,576 [main] DEBUG c.m.v.resourcepool.BasicResourcePool - acquire test -- pool size: 0; target_pool_size: 3; desired target? 1 
2017-06-30 08:48:09,578 [main] DEBUG c.m.v.resourcepool.BasicResourcePool - awaitAvailable(): [unknown] 
2017-06-30 08:48:10,720 [main] DEBUG c.m.v.c.m.DynamicPooledDataSourceManagerMBean - MBean: com.mchange.v2.c3p0:type=PooledDataSource,identityToken=1hge13m9o1wompc9kwfbj7|1d2d3bc2,name=1hge13m9o1wompc9kwfbj7|1d2d3bc2 registered. 
2017-06-30 08:48:10,805 [main] DEBUG c.m.v.c.m.DynamicPooledDataSourceManagerMBean - MBean: com.mchange.v2.c3p0:type=PooledDataSource,identityToken=1hge13m9o1wompc9kwfbj7|1d2d3bc2,name=1hge13m9o1wompc9kwfbj7|1d2d3bc2 unregistered, in order to be reregistered after update. 
2017-06-30 08:48:10,810 [main] DEBUG c.m.v.c.m.DynamicPooledDataSourceManagerMBean - MBean: com.mchange.v2.c3p0:type=PooledDataSource,identityToken=1hge13m9o1wompc9kwfbj7|1d2d3bc2,name=1hge13m9o1wompc9kwfbj7|1d2d3bc2 registered. 
2017-06-30 08:48:10,904 [main] INFO  c.m.v.c.i.AbstractPoolBackedDataSource - Initializing c3p0 pool... com.mchange.v2.c3p0.ComboPooledDataSource [ acquireIncrement -> 3, acquireRetryAttempts -> 30, acquireRetryDelay -> 1000, autoCommitOnClose -> false, automaticTestTable -> null, breakAfterAcquireFailure -> false, checkoutTimeout -> 0, connectionCustomizerClassName -> null, connectionTesterClassName -> com.mchange.v2.c3p0.impl.DefaultConnectionTester, contextClassLoaderSource -> caller, dataSourceName -> 1hge13m9o1wompc9kwfbj7|1d2d3bc2, debugUnreturnedConnectionStackTraces -> false, description -> null, driverClass -> com.mysql.jdbc.Driver, extensions -> {}, factoryClassLocation -> null, forceIgnoreUnresolvedTransactions -> false, forceSynchronousCheckins -> false, forceUseNamedDriverClass -> false, identityToken -> 1hge13m9o1wompc9kwfbj7|1d2d3bc2, idleConnectionTestPeriod -> 0, initialPoolSize -> 3, jdbcUrl -> jdbc:mysql://172.17.0.2:3306/ionut, maxAdministrativeTaskTime -> 0, maxConnectionAge -> 0, maxIdleTime -> 10800, maxIdleTimeExcessConnections -> 1800, maxPoolSize -> 15, maxStatements -> 0, maxStatementsPerConnection -> 0, minPoolSize -> 3, numHelperThreads -> 3, preferredTestQuery -> null, privilegeSpawnedThreads -> false, properties -> {user=******, password=******}, propertyCycle -> 0, statementCacheNumDeferredCloseThreads -> 0, testConnectionOnCheckin -> false, testConnectionOnCheckout -> false, unreturnedConnectionTimeout -> 0, userOverrides -> {}, usesTraditionalReflectiveProxies -> false ] 
2017-06-30 08:48:10,920 [main] DEBUG c.m.v.resourcepool.BasicResourcePool - com.mchange.v2.resourcepool.BasicResourcePool@485e0996 config: [start -> 3; min -> 3; max -> 15; inc -> 3; num_acq_attempts -> 30; acq_attempt_delay -> 1000; check_idle_resources_delay -> 0; max_resource_age -> 0; max_idle_time -> 10800000; excess_max_idle_time -> 1800000; destroy_unreturned_resc_time -> 0; expiration_enforcement_delay -> 450000; break_on_acquisition_failure -> false; debug_store_checkout_exceptions -> false; force_synchronous_checkins -> false] 
2017-06-30 08:48:10,921 [main] DEBUG c.m.v.c.i.C3P0PooledConnectionPoolManager - Created new pool for auth, username (masked): 'ro******'. 
2017-06-30 08:48:10,923 [main] DEBUG c.m.v.resourcepool.BasicResourcePool - acquire test -- pool size: 0; target_pool_size: 3; desired target? 1 
2017-06-30 08:48:10,927 [main] DEBUG c.m.v.resourcepool.BasicResourcePool - awaitAvailable(): [unknown] 
2017-06-30 09:19:27,573 [MLog-Init-Reporter] INFO  com.mchange.v2.log.MLog - MLog clients using slf4j logging. 
2017-06-30 09:19:27,640 [MLog-Init-Reporter] DEBUG com.mchange.v2.log.MLog - Reading VM config for path list /com/mchange/v2/log/default-mchange-log.properties, /mchange-commons.properties, /c3p0.properties, hocon:/reference,/application,/c3p0,/, /mchange-log.properties, / 
2017-06-30 09:19:27,643 [MLog-Init-Reporter] DEBUG com.mchange.v2.log.MLog - The configuration file for resource identifier '/mchange-commons.properties' could not be found. Skipping. 
2017-06-30 09:19:27,644 [MLog-Init-Reporter] DEBUG com.mchange.v2.log.MLog - The configuration file for resource identifier '/c3p0.properties' could not be found. Skipping. 
2017-06-30 09:19:27,648 [MLog-Init-Reporter] DEBUG com.mchange.v2.log.MLog - The configuration file for resource identifier 'hocon:/reference,/application,/c3p0,/' could not be found. Skipping. 
2017-06-30 09:19:27,649 [MLog-Init-Reporter] DEBUG com.mchange.v2.log.MLog - The configuration file for resource identifier '/mchange-log.properties' could not be found. Skipping. 
2017-06-30 09:19:27,654 [main] DEBUG com.mchange.v2.cfg.MConfig - The configuration file for resource identifier '/mchange-commons.properties' could not be found. Skipping. 
2017-06-30 09:19:27,662 [main] DEBUG com.mchange.v2.cfg.MConfig - The configuration file for resource identifier '/mchange-log.properties' could not be found. Skipping. 
2017-06-30 09:19:27,663 [main] DEBUG com.mchange.v2.cfg.MConfig - The configuration file for resource identifier 'hocon:/reference,/application,/c3p0,/' could not be found. Skipping. 
2017-06-30 09:19:27,665 [main] DEBUG com.mchange.v2.cfg.MConfig - The configuration file for resource identifier '/c3p0.properties' could not be found. Skipping. 
2017-06-30 09:19:27,927 [main] INFO  com.mchange.v2.c3p0.C3P0Registry - Initializing c3p0-0.9.5.2 [built 08-December-2015 22:06:04 -0800; debug? true; trace: 10] 
2017-06-30 09:19:28,012 [main] DEBUG c.m.v.c.m.DynamicPooledDataSourceManagerMBean - MBean: com.mchange.v2.c3p0:type=PooledDataSource,identityToken=1hge13m9o1wpqyys122jfiz|66979fed,name=1hge13m9o1wpqyys122jfiz|66979fed registered. 
2017-06-30 09:19:28,112 [main] DEBUG c.m.v.c.m.DynamicPooledDataSourceManagerMBean - MBean: com.mchange.v2.c3p0:type=PooledDataSource,identityToken=1hge13m9o1wpqyys122jfiz|66979fed,name=1hge13m9o1wpqyys122jfiz|66979fed unregistered, in order to be reregistered after update. 
2017-06-30 09:19:28,117 [main] DEBUG c.m.v.c.m.DynamicPooledDataSourceManagerMBean - MBean: com.mchange.v2.c3p0:type=PooledDataSource,identityToken=1hge13m9o1wpqyys122jfiz|66979fed,name=1hge13m9o1wpqyys122jfiz|66979fed registered. 
2017-06-30 09:19:28,249 [main] INFO  c.m.v.c.i.AbstractPoolBackedDataSource - Initializing c3p0 pool... com.mchange.v2.c3p0.ComboPooledDataSource [ acquireIncrement -> 3, acquireRetryAttempts -> 30, acquireRetryDelay -> 1000, autoCommitOnClose -> false, automaticTestTable -> null, breakAfterAcquireFailure -> false, checkoutTimeout -> 0, connectionCustomizerClassName -> null, connectionTesterClassName -> com.mchange.v2.c3p0.impl.DefaultConnectionTester, contextClassLoaderSource -> caller, dataSourceName -> 1hge13m9o1wpqyys122jfiz|66979fed, debugUnreturnedConnectionStackTraces -> false, description -> null, driverClass -> com.mysql.jdbc.Driver, extensions -> {}, factoryClassLocation -> null, forceIgnoreUnresolvedTransactions -> false, forceSynchronousCheckins -> false, forceUseNamedDriverClass -> false, identityToken -> 1hge13m9o1wpqyys122jfiz|66979fed, idleConnectionTestPeriod -> 0, initialPoolSize -> 3, jdbcUrl -> jdbc:mysql://172.17.0.2:3306/ionut, maxAdministrativeTaskTime -> 0, maxConnectionAge -> 0, maxIdleTime -> 10800, maxIdleTimeExcessConnections -> 1800, maxPoolSize -> 15, maxStatements -> 0, maxStatementsPerConnection -> 0, minPoolSize -> 3, numHelperThreads -> 3, preferredTestQuery -> null, privilegeSpawnedThreads -> false, properties -> {user=******, password=******}, propertyCycle -> 0, statementCacheNumDeferredCloseThreads -> 0, testConnectionOnCheckin -> false, testConnectionOnCheckout -> false, unreturnedConnectionTimeout -> 0, userOverrides -> {}, usesTraditionalReflectiveProxies -> false ] 
2017-06-30 09:19:28,295 [main] DEBUG com.mchange.v2.cfg.MConfig - The configuration file for resource identifier '/mchange-commons.properties' could not be found. Skipping. 
2017-06-30 09:19:28,296 [main] DEBUG com.mchange.v2.cfg.MConfig - The configuration file for resource identifier '/mchange-log.properties' could not be found. Skipping. 
2017-06-30 09:19:28,296 [main] DEBUG com.mchange.v2.cfg.MConfig - The configuration file for resource identifier '/c3p0.properties' could not be found. Skipping. 
2017-06-30 09:19:28,296 [main] DEBUG com.mchange.v2.cfg.MConfig - The configuration file for resource identifier 'hocon:/reference,/application,/c3p0,/' could not be found. Skipping. 
2017-06-30 09:19:28,302 [main] DEBUG c.m.v.resourcepool.BasicResourcePool - com.mchange.v2.resourcepool.BasicResourcePool@39c4ed23 config: [start -> 3; min -> 3; max -> 15; inc -> 3; num_acq_attempts -> 30; acq_attempt_delay -> 1000; check_idle_resources_delay -> 0; max_resource_age -> 0; max_idle_time -> 10800000; excess_max_idle_time -> 1800000; destroy_unreturned_resc_time -> 0; expiration_enforcement_delay -> 450000; break_on_acquisition_failure -> false; debug_store_checkout_exceptions -> false; force_synchronous_checkins -> false] 
2017-06-30 09:19:28,313 [main] DEBUG c.m.v.c.i.C3P0PooledConnectionPoolManager - Created new pool for auth, username (masked): 'ro******'. 
2017-06-30 09:19:28,319 [main] DEBUG c.m.v.resourcepool.BasicResourcePool - acquire test -- pool size: 0; target_pool_size: 3; desired target? 1 
2017-06-30 09:19:28,321 [main] DEBUG c.m.v.resourcepool.BasicResourcePool - awaitAvailable(): [unknown] 
2017-06-30 09:19:29,581 [main] DEBUG c.m.v.c.m.DynamicPooledDataSourceManagerMBean - MBean: com.mchange.v2.c3p0:type=PooledDataSource,identityToken=1hge13m9o1wpqyys122jfiz|6d82a9bb,name=1hge13m9o1wpqyys122jfiz|6d82a9bb registered. 
2017-06-30 09:19:29,651 [main] DEBUG c.m.v.c.m.DynamicPooledDataSourceManagerMBean - MBean: com.mchange.v2.c3p0:type=PooledDataSource,identityToken=1hge13m9o1wpqyys122jfiz|6d82a9bb,name=1hge13m9o1wpqyys122jfiz|6d82a9bb unregistered, in order to be reregistered after update. 
2017-06-30 09:19:29,653 [main] DEBUG c.m.v.c.m.DynamicPooledDataSourceManagerMBean - MBean: com.mchange.v2.c3p0:type=PooledDataSource,identityToken=1hge13m9o1wpqyys122jfiz|6d82a9bb,name=1hge13m9o1wpqyys122jfiz|6d82a9bb registered. 
2017-06-30 09:19:29,775 [main] INFO  c.m.v.c.i.AbstractPoolBackedDataSource - Initializing c3p0 pool... com.mchange.v2.c3p0.ComboPooledDataSource [ acquireIncrement -> 3, acquireRetryAttempts -> 30, acquireRetryDelay -> 1000, autoCommitOnClose -> false, automaticTestTable -> null, breakAfterAcquireFailure -> false, checkoutTimeout -> 0, connectionCustomizerClassName -> null, connectionTesterClassName -> com.mchange.v2.c3p0.impl.DefaultConnectionTester, contextClassLoaderSource -> caller, dataSourceName -> 1hge13m9o1wpqyys122jfiz|6d82a9bb, debugUnreturnedConnectionStackTraces -> false, description -> null, driverClass -> com.mysql.jdbc.Driver, extensions -> {}, factoryClassLocation -> null, forceIgnoreUnresolvedTransactions -> false, forceSynchronousCheckins -> false, forceUseNamedDriverClass -> false, identityToken -> 1hge13m9o1wpqyys122jfiz|6d82a9bb, idleConnectionTestPeriod -> 0, initialPoolSize -> 3, jdbcUrl -> jdbc:mysql://172.17.0.2:3306/ionut, maxAdministrativeTaskTime -> 0, maxConnectionAge -> 0, maxIdleTime -> 10800, maxIdleTimeExcessConnections -> 1800, maxPoolSize -> 15, maxStatements -> 0, maxStatementsPerConnection -> 0, minPoolSize -> 3, numHelperThreads -> 3, preferredTestQuery -> null, privilegeSpawnedThreads -> false, properties -> {user=******, password=******}, propertyCycle -> 0, statementCacheNumDeferredCloseThreads -> 0, testConnectionOnCheckin -> false, testConnectionOnCheckout -> false, unreturnedConnectionTimeout -> 0, userOverrides -> {}, usesTraditionalReflectiveProxies -> false ] 
2017-06-30 09:19:29,788 [main] DEBUG c.m.v.resourcepool.BasicResourcePool - com.mchange.v2.resourcepool.BasicResourcePool@7b95eab0 config: [start -> 3; min -> 3; max -> 15; inc -> 3; num_acq_attempts -> 30; acq_attempt_delay -> 1000; check_idle_resources_delay -> 0; max_resource_age -> 0; max_idle_time -> 10800000; excess_max_idle_time -> 1800000; destroy_unreturned_resc_time -> 0; expiration_enforcement_delay -> 450000; break_on_acquisition_failure -> false; debug_store_checkout_exceptions -> false; force_synchronous_checkins -> false] 
2017-06-30 09:19:29,798 [main] DEBUG c.m.v.c.i.C3P0PooledConnectionPoolManager - Created new pool for auth, username (masked): 'ro******'. 
2017-06-30 09:19:29,804 [main] DEBUG c.m.v.resourcepool.BasicResourcePool - acquire test -- pool size: 0; target_pool_size: 3; desired target? 1 
2017-06-30 09:19:29,808 [main] DEBUG c.m.v.resourcepool.BasicResourcePool - awaitAvailable(): [unknown] 
